#
# There is insufficient memory for the Java Runtime Environment to continue.
# Native memory allocation (malloc) failed to allocate 1294512 bytes for Chunk::new
# Possible reasons:
#   The system is out of physical RAM or swap space
#   The process is running with CompressedOops enabled, and the Java Heap may be blocking the growth of the native heap
# Possible solutions:
#   Reduce memory load on the system
#   Increase physical memory or swap space
#   Check if swap backing store is full
#   Decrease Java heap size (-Xmx/-Xms)
#   Decrease number of Java threads
#   Decrease Java thread stack sizes (-Xss)
#   Set larger code cache with -XX:ReservedCodeCacheSize=
#   JVM is running with Unscaled Compressed Oops mode in which the Java heap is
#     placed in the first 4GB address space. The Java Heap base address is the
#     maximum limit for the native heap growth. Please use -XX:HeapBaseMinAddress
#     to set the Java Heap base and to place the Java Heap above 4GB virtual address.
# This output file may be truncated or incomplete.
#
#  Out of Memory Error (allocation.cpp:389), pid=60408, tid=0x0000000000005004
#
# JRE version: OpenJDK Runtime Environment (8.0_242-b01) (build 1.8.0_242-release-1644-b01)
# Java VM: OpenJDK 64-Bit Server VM (25.242-b01 mixed mode windows-amd64 compressed oops)
# Failed to write core dump. Minidumps are not enabled by default on client versions of Windows
#

---------------  T H R E A D  ---------------

Current thread (0x00000000187d2800):  JavaThread "C2 CompilerThread0" daemon [_thread_in_native, id=20484, stack(0x0000000018d90000,0x0000000018e90000)]

Stack: [0x0000000018d90000,0x0000000018e90000]
[error occurred during error reporting (printing stack bounds), id 0xc0000005]

Native frames: (J=compiled Java code, j=interpreted, Vv=VM code, C=native code)


Current CompileTask:
C2:  11608 4939 %     4       groovy.lang.MetaClassImpl::inheritInterfaceNewMetaMethods @ 104 (199 bytes)


---------------  P R O C E S S  ---------------

Java Threads: ( => current thread )
  0x000000001b0a6800 JavaThread "Cache worker for file content cache (C:\Users\Jin\Desktop\SmartRecipeManager\.gradle\6.1.1\fileContent)" [_thread_blocked, id=47392, stack(0x0000000022ef0000,0x0000000022ff0000)]
  0x000000001b0a9000 JavaThread "Cache worker for file content cache (C:\Users\Jin\.gradle\caches\6.1.1\fileContent)" [_thread_blocked, id=62692, stack(0x0000000022df0000,0x0000000022ef0000)]
  0x000000001b09d000 JavaThread "Memory manager" [_thread_blocked, id=9440, stack(0x00000000228a0000,0x00000000229a0000)]
  0x000000001b0a2000 JavaThread "Cache worker for Build Output Cleanup Cache (C:\Users\Jin\Desktop\SmartRecipeManager\.gradle\buildOutputCleanup)" [_thread_blocked, id=88904, stack(0x0000000021cb0000,0x0000000021db0000)]
  0x000000001b0a1800 JavaThread "pool-1-thread-1" [_thread_blocked, id=29912, stack(0x0000000021bb0000,0x0000000021cb0000)]
  0x000000001b0a0800 JavaThread "Build operations Thread 4" [_thread_blocked, id=21776, stack(0x00000000218b0000,0x00000000219b0000)]
  0x000000001b0a3000 JavaThread "Build operations Thread 3" [_thread_blocked, id=14372, stack(0x00000000217b0000,0x00000000218b0000)]
  0x000000001b09f000 JavaThread "Build operations Thread 2" [_thread_blocked, id=23484, stack(0x00000000216b0000,0x00000000217b0000)]
  0x000000001b0a0000 JavaThread "Build operations" [_thread_blocked, id=10188, stack(0x00000000215b0000,0x00000000216b0000)]
  0x000000001adde000 JavaThread "Cache worker for execution history cache (C:\Users\Jin\.gradle\caches\6.1.1\executionHistory)" [_thread_blocked, id=16892, stack(0x00000000208b0000,0x00000000209b0000)]
  0x000000001addc000 JavaThread "Cache worker for cache directory md-rule (C:\Users\Jin\.gradle\caches\6.1.1\md-rule)" [_thread_blocked, id=12980, stack(0x00000000207b0000,0x00000000208b0000)]
  0x000000001addd800 JavaThread "Cache worker for cache directory md-supplier (C:\Users\Jin\.gradle\caches\6.1.1\md-supplier)" [_thread_blocked, id=30160, stack(0x00000000206b0000,0x00000000207b0000)]
  0x000000001ade1000 JavaThread "Cache worker for file hash cache (C:\Users\Jin\Desktop\SmartRecipeManager\.gradle\6.1.1\fileHashes)" [_thread_blocked, id=16940, stack(0x000000001f180000,0x000000001f280000)]
  0x000000001addc800 JavaThread "Cache worker for checksums cache (C:\Users\Jin\Desktop\SmartRecipeManager\.gradle\checksums)" [_thread_blocked, id=22536, stack(0x000000001f080000,0x000000001f180000)]
  0x000000001addf800 JavaThread "Cache worker for file hash cache (C:\Users\Jin\.gradle\caches\6.1.1\fileHashes)" [_thread_blocked, id=14880, stack(0x000000001cde0000,0x000000001cee0000)]
  0x000000001ade2000 JavaThread "File lock request listener" [_thread_in_native, id=4648, stack(0x000000001cbe0000,0x000000001cce0000)]
  0x000000001adaa000 JavaThread "Cache worker for journal cache (C:\Users\Jin\.gradle\caches\journal-1)" [_thread_blocked, id=14564, stack(0x000000001cae0000,0x000000001cbe0000)]
  0x00000000195a0000 JavaThread "Thread-9" [_thread_blocked, id=240, stack(0x000000001c7e0000,0x000000001c8e0000)]
  0x000000001959f800 JavaThread "Stdin handler" [_thread_blocked, id=19804, stack(0x000000001c6e0000,0x000000001c7e0000)]
  0x000000001ac32000 JavaThread "Asynchronous log dispatcher for DefaultDaemonConnection: socket connection from /127.0.0.1:58520 to /127.0.0.1:58521" [_thread_blocked, id=22668, stack(0x000000001c5e0000,0x000000001c6e0000)]
  0x0000000019434800 JavaThread "Daemon worker" [_thread_in_native, id=6588, stack(0x000000001c4e0000,0x000000001c5e0000)]
  0x0000000019434000 JavaThread "Cancel handler" [_thread_blocked, id=28464, stack(0x000000001c3e0000,0x000000001c4e0000)]
  0x000000001a428000 JavaThread "Handler for socket connection from /127.0.0.1:58520 to /127.0.0.1:58521" [_thread_in_native, id=28152, stack(0x000000001c0e0000,0x000000001c1e0000)]
  0x000000001ac1e800 JavaThread "Daemon" [_thread_blocked, id=26616, stack(0x000000001bfe0000,0x000000001c0e0000)]
  0x000000001abc2800 JavaThread "Daemon periodic checks" [_thread_blocked, id=45436, stack(0x000000001bee0000,0x000000001bfe0000)]
  0x000000001aba6800 JavaThread "Incoming local TCP Connector on port 58520" [_thread_in_native, id=34048, stack(0x000000001bd30000,0x000000001be30000)]
  0x000000001aac4800 JavaThread "Daemon health stats" [_thread_blocked, id=76284, stack(0x000000001bc30000,0x000000001bd30000)]
  0x0000000017406000 JavaThread "Service Thread" daemon [_thread_blocked, id=23088, stack(0x0000000019090000,0x0000000019190000)]
  0x00000000173fa000 JavaThread "C1 CompilerThread2" daemon [_thread_blocked, id=22068, stack(0x0000000018f90000,0x0000000019090000)]
  0x00000000173f7000 JavaThread "C2 CompilerThread1" daemon [_thread_in_native, id=58460, stack(0x0000000018e90000,0x0000000018f90000)]
=>0x00000000187d2800 JavaThread "C2 CompilerThread0" daemon [_thread_in_native, id=20484, stack(0x0000000018d90000,0x0000000018e90000)]
  0x00000000173e2000 JavaThread "Attach Listener" daemon [_thread_blocked, id=28068, stack(0x0000000018c90000,0x0000000018d90000)]
  0x00000000173f3800 JavaThread "Signal Dispatcher" daemon [_thread_blocked, id=24532, stack(0x0000000018b90000,0x0000000018c90000)]
  0x00000000027ad000 JavaThread "Finalizer" daemon [_thread_blocked, id=12376, stack(0x0000000018630000,0x0000000018730000)]
  0x00000000173b9000 JavaThread "Reference Handler" daemon [_thread_blocked, id=54540, stack(0x0000000018530000,0x0000000018630000)]
  0x00000000026b2800 JavaThread "main" [_thread_blocked, id=28284, stack(0x00000000025b0000,0x00000000026b0000)]

Other Threads:
  0x0000000017396000 VMThread [stack: 0x0000000018430000,0x0000000018530000] [id=16684]
  0x000000001742a000 WatcherThread [stack: 0x0000000019190000,0x0000000019290000] [id=16476]

VM state:not at safepoint (normal execution)

VM Mutex/Monitor currently owned by a thread: None

heap address: 0x0000000080000000, size: 2048 MB, Compressed Oops mode: 32-bit
Narrow klass base: 0x0000000000000000, Narrow klass shift: 3
Compressed class space size: 1073741824 Address: 0x0000000100000000

Heap:
 PSYoungGen      total 133120K, used 24737K [0x00000000d5580000, 0x00000000df800000, 0x0000000100000000)
  eden space 116736K, 21% used [0x00000000d5580000,0x00000000d6da8680,0x00000000dc780000)
  from space 16384K, 0% used [0x00000000dc780000,0x00000000dc780000,0x00000000dd780000)
  to   space 15872K, 0% used [0x00000000dd780000,0x00000000dd780000,0x00000000de700000)
 ParOldGen       total 81408K, used 31657K [0x0000000080000000, 0x0000000084f80000, 0x00000000d5580000)
  object space 81408K, 38% used [0x0000000080000000,0x0000000081eea4d0,0x0000000084f80000)
 Metaspace       used 58201K, capacity 60304K, committed 60504K, reserved 1101824K
  class space    used 8035K, capacity 8498K, committed 8576K, reserved 1048576K

Card table byte_map: [0x0000000011b70000,0x0000000011f80000] byte_map_base: 0x0000000011770000

Marking Bits: (ParMarkBitMap*) 0x00000000543ef030
 Begin Bits: [0x0000000012630000, 0x0000000014630000)
 End Bits:   [0x0000000014630000, 0x0000000016630000)

Polling page: 0x00000000001f0000

CodeCache: size=245760Kb used=16240Kb max_used=16684Kb free=229519Kb
 bounds [0x00000000027b0000, 0x0000000003810000, 0x00000000117b0000]
 total_blobs=5584 nmethods=4802 adapters=694
 compilation: enabled

Compilation events (10 events):
Event: 11.597 Thread 0x00000000173fa000 5449       3       org.gradle.api.internal.artifacts.ivyservice.modulecache.ModuleMetadataSerializer$Reader::readNullableArtifact (51 bytes)
Event: 11.598 Thread 0x00000000173fa000 nmethod 5449 0x0000000002b9b310 code [0x0000000002b9b500, 0x0000000002b9be38]
Event: 11.600 Thread 0x00000000173fa000 5450       3       org.gradle.api.internal.artifacts.ModuleComponentSelectorSerializer::readVersionConstraint (91 bytes)
Event: 11.601 Thread 0x00000000173fa000 nmethod 5450 0x00000000034462d0 code [0x0000000003446520, 0x00000000034472b8]
Event: 11.601 Thread 0x00000000173fa000 5453   !   3       org.gradle.internal.serialize.kryo.KryoBackedDecoder::readBoolean (15 bytes)
Event: 11.601 Thread 0x00000000173fa000 nmethod 5453 0x0000000002b9a650 code [0x0000000002b9a820, 0x0000000002b9af68]
Event: 11.601 Thread 0x00000000173fa000 5451       3       org.gradle.api.internal.artifacts.ModuleComponentSelectorSerializer::readCapabilities (70 bytes)
Event: 11.602 Thread 0x00000000173fa000 nmethod 5451 0x0000000002ae1a90 code [0x0000000002ae1d00, 0x0000000002ae2c78]
Event: 11.602 Thread 0x00000000173fa000 5452       3       java.util.Collections$UnmodifiableCollection::contains (11 bytes)
Event: 11.602 Thread 0x00000000173fa000 nmethod 5452 0x0000000002968a50 code [0x0000000002968bc0, 0x0000000002968de8]

GC Heap History (10 events):
Event: 8.193 GC heap before
{Heap before GC invocations=14 (full 2):
 PSYoungGen      total 88576K, used 77312K [0x00000000d5580000, 0x00000000dda00000, 0x0000000100000000)
  eden space 77312K, 100% used [0x00000000d5580000,0x00000000da100000,0x00000000da100000)
  from space 11264K, 0% used [0x00000000da100000,0x00000000da100000,0x00000000dac00000)
  to   space 11776K, 0% used [0x00000000dce80000,0x00000000dce80000,0x00000000dda00000)
 ParOldGen       total 81408K, used 15213K [0x0000000080000000, 0x0000000084f80000, 0x00000000d5580000)
  object space 81408K, 18% used [0x0000000080000000,0x0000000080edb718,0x0000000084f80000)
 Metaspace       used 40833K, capacity 42198K, committed 42584K, reserved 1085440K
  class space    used 5570K, capacity 5893K, committed 6016K, reserved 1048576K
Event: 8.203 GC heap after
Heap after GC invocations=14 (full 2):
 PSYoungGen      total 105472K, used 9384K [0x00000000d5580000, 0x00000000dd800000, 0x0000000100000000)
  eden space 95744K, 0% used [0x00000000d5580000,0x00000000d5580000,0x00000000db300000)
  from space 9728K, 96% used [0x00000000dce80000,0x00000000dd7aa2a0,0x00000000dd800000)
  to   space 12288K, 0% used [0x00000000dc000000,0x00000000dc000000,0x00000000dcc00000)
 ParOldGen       total 81408K, used 15221K [0x0000000080000000, 0x0000000084f80000, 0x00000000d5580000)
  object space 81408K, 18% used [0x0000000080000000,0x0000000080edd718,0x0000000084f80000)
 Metaspace       used 40833K, capacity 42198K, committed 42584K, reserved 1085440K
  class space    used 5570K, capacity 5893K, committed 6016K, reserved 1048576K
}
Event: 9.558 GC heap before
{Heap before GC invocations=15 (full 2):
 PSYoungGen      total 105472K, used 105128K [0x00000000d5580000, 0x00000000dd800000, 0x0000000100000000)
  eden space 95744K, 100% used [0x00000000d5580000,0x00000000db300000,0x00000000db300000)
  from space 9728K, 96% used [0x00000000dce80000,0x00000000dd7aa2a0,0x00000000dd800000)
  to   space 12288K, 0% used [0x00000000dc000000,0x00000000dc000000,0x00000000dcc00000)
 ParOldGen       total 81408K, used 15221K [0x0000000080000000, 0x0000000084f80000, 0x00000000d5580000)
  object space 81408K, 18% used [0x0000000080000000,0x0000000080edd718,0x0000000084f80000)
 Metaspace       used 49555K, capacity 51146K, committed 51288K, reserved 1093632K
  class space    used 6625K, capacity 6987K, committed 7040K, reserved 1048576K
Event: 9.577 GC heap after
Heap after GC invocations=15 (full 2):
 PSYoungGen      total 121344K, used 12275K [0x00000000d5580000, 0x00000000de700000, 0x0000000100000000)
  eden space 109056K, 0% used [0x00000000d5580000,0x00000000d5580000,0x00000000dc000000)
  from space 12288K, 99% used [0x00000000dc000000,0x00000000dcbfccf0,0x00000000dcc00000)
  to   space 15872K, 0% used [0x00000000dd780000,0x00000000dd780000,0x00000000de700000)
 ParOldGen       total 81408K, used 19528K [0x0000000080000000, 0x0000000084f80000, 0x00000000d5580000)
  object space 81408K, 23% used [0x0000000080000000,0x0000000081312188,0x0000000084f80000)
 Metaspace       used 49555K, capacity 51146K, committed 51288K, reserved 1093632K
  class space    used 6625K, capacity 6987K, committed 7040K, reserved 1048576K
}
Event: 10.802 GC heap before
{Heap before GC invocations=16 (full 2):
 PSYoungGen      total 121344K, used 121331K [0x00000000d5580000, 0x00000000de700000, 0x0000000100000000)
  eden space 109056K, 100% used [0x00000000d5580000,0x00000000dc000000,0x00000000dc000000)
  from space 12288K, 99% used [0x00000000dc000000,0x00000000dcbfccf0,0x00000000dcc00000)
  to   space 15872K, 0% used [0x00000000dd780000,0x00000000dd780000,0x00000000de700000)
 ParOldGen       total 81408K, used 19528K [0x0000000080000000, 0x0000000084f80000, 0x00000000d5580000)
  object space 81408K, 23% used [0x0000000080000000,0x0000000081312188,0x0000000084f80000)
 Metaspace       used 55692K, capacity 57742K, committed 58072K, reserved 1099776K
  class space    used 7609K, capacity 8073K, committed 8192K, reserved 1048576K
Event: 10.829 GC heap after
Heap after GC invocations=16 (full 2):
 PSYoungGen      total 132608K, used 11566K [0x00000000d5580000, 0x00000000df800000, 0x0000000100000000)
  eden space 116736K, 0% used [0x00000000d5580000,0x00000000d5580000,0x00000000dc780000)
  from space 15872K, 72% used [0x00000000dd780000,0x00000000de2cb9f0,0x00000000de700000)
  to   space 16384K, 0% used [0x00000000dc780000,0x00000000dc780000,0x00000000dd780000)
 ParOldGen       total 81408K, used 30427K [0x0000000080000000, 0x0000000084f80000, 0x00000000d5580000)
  object space 81408K, 37% used [0x0000000080000000,0x0000000081db6f28,0x0000000084f80000)
 Metaspace       used 55692K, capacity 57742K, committed 58072K, reserved 1099776K
  class space    used 7609K, capacity 8073K, committed 8192K, reserved 1048576K
}
Event: 10.975 GC heap before
{Heap before GC invocations=17 (full 2):
 PSYoungGen      total 132608K, used 27302K [0x00000000d5580000, 0x00000000df800000, 0x0000000100000000)
  eden space 116736K, 13% used [0x00000000d5580000,0x00000000d64de048,0x00000000dc780000)
  from space 15872K, 72% used [0x00000000dd780000,0x00000000de2cb9f0,0x00000000de700000)
  to   space 16384K, 0% used [0x00000000dc780000,0x00000000dc780000,0x00000000dd780000)
 ParOldGen       total 81408K, used 30427K [0x0000000080000000, 0x0000000084f80000, 0x00000000d5580000)
  object space 81408K, 37% used [0x0000000080000000,0x0000000081db6f28,0x0000000084f80000)
 Metaspace       used 56835K, capacity 58940K, committed 58968K, reserved 1099776K
  class space    used 7810K, capacity 8310K, committed 8320K, reserved 1048576K
Event: 10.989 GC heap after
Heap after GC invocations=17 (full 2):
 PSYoungGen      total 133120K, used 8277K [0x00000000d5580000, 0x00000000df800000, 0x0000000100000000)
  eden space 116736K, 0% used [0x00000000d5580000,0x00000000d5580000,0x00000000dc780000)
  from space 16384K, 50% used [0x00000000dc780000,0x00000000dcf95500,0x00000000dd780000)
  to   space 15872K, 0% used [0x00000000dd780000,0x00000000dd780000,0x00000000de700000)
 ParOldGen       total 81408K, used 30435K [0x0000000080000000, 0x0000000084f80000, 0x00000000d5580000)
  object space 81408K, 37% used [0x0000000080000000,0x0000000081db8f28,0x0000000084f80000)
 Metaspace       used 56835K, capacity 58940K, committed 58968K, reserved 1099776K
  class space    used 7810K, capacity 8310K, committed 8320K, reserved 1048576K
}
Event: 10.989 GC heap before
{Heap before GC invocations=18 (full 3):
 PSYoungGen      total 133120K, used 8277K [0x00000000d5580000, 0x00000000df800000, 0x0000000100000000)
  eden space 116736K, 0% used [0x00000000d5580000,0x00000000d5580000,0x00000000dc780000)
  from space 16384K, 50% used [0x00000000dc780000,0x00000000dcf95500,0x00000000dd780000)
  to   space 15872K, 0% used [0x00000000dd780000,0x00000000dd780000,0x00000000de700000)
 ParOldGen       total 81408K, used 30435K [0x0000000080000000, 0x0000000084f80000, 0x00000000d5580000)
  object space 81408K, 37% used [0x0000000080000000,0x0000000081db8f28,0x0000000084f80000)
 Metaspace       used 56835K, capacity 58940K, committed 58968K, reserved 1099776K
  class space    used 7810K, capacity 8310K, committed 8320K, reserved 1048576K
Event: 11.255 GC heap after
Heap after GC invocations=18 (full 3):
 PSYoungGen      total 133120K, used 0K [0x00000000d5580000, 0x00000000df800000, 0x0000000100000000)
  eden space 116736K, 0% used [0x00000000d5580000,0x00000000d5580000,0x00000000dc780000)
  from space 16384K, 0% used [0x00000000dc780000,0x00000000dc780000,0x00000000dd780000)
  to   space 15872K, 0% used [0x00000000dd780000,0x00000000dd780000,0x00000000de700000)
 ParOldGen       total 81408K, used 31657K [0x0000000080000000, 0x0000000084f80000, 0x00000000d5580000)
  object space 81408K, 38% used [0x0000000080000000,0x0000000081eea4d0,0x0000000084f80000)
 Metaspace       used 56827K, capacity 58910K, committed 58968K, reserved 1099776K
  class space    used 7807K, capacity 8305K, committed 8320K, reserved 1048576K
}

Deoptimization events (10 events):
Event: 10.604 Thread 0x0000000019434800 Uncommon trap: reason=unstable_if action=reinterpret pc=0x0000000002aea7ec method=java.util.HashMap.resize()[Ljava/util/HashMap$Node; @ 206
Event: 10.604 Thread 0x0000000019434800 Uncommon trap: reason=unstable_if action=reinterpret pc=0x00000000035f0578 method=java.util.HashMap.putVal(ILjava/lang/Object;Ljava/lang/Object;ZZ)Ljava/lang/Object; @ 109
Event: 10.604 Thread 0x0000000019434800 Uncommon trap: reason=unstable_if action=reinterpret pc=0x00000000031acba0 method=java.util.HashMap.putVal(ILjava/lang/Object;Ljava/lang/Object;ZZ)Ljava/lang/Object; @ 109
Event: 10.618 Thread 0x0000000019434800 Uncommon trap: reason=unstable_if action=reinterpret pc=0x000000000321ef50 method=java.io.WinNTFileSystem.normalize(Ljava/lang/String;)Ljava/lang/String; @ 74
Event: 10.618 Thread 0x0000000019434800 Uncommon trap: reason=unstable_if action=reinterpret pc=0x0000000002df2428 method=java.io.WinNTFileSystem.normalize(Ljava/lang/String;II)Ljava/lang/String; @ 103
Event: 10.927 Thread 0x0000000019434800 Uncommon trap: reason=predicate action=maybe_recompile pc=0x00000000037f2974 method=java.util.AbstractCollection.toArray([Ljava/lang/Object;)[Ljava/lang/Object; @ 49
Event: 11.312 Thread 0x0000000019434800 Uncommon trap: reason=unstable_if action=reinterpret pc=0x0000000002dca9e8 method=java.util.regex.Pattern$BmpCharProperty.match(Ljava/util/regex/Matcher;ILjava/lang/CharSequence;)Z @ 34
Event: 11.319 Thread 0x0000000019434800 Uncommon trap: reason=unstable_if action=reinterpret pc=0x000000000353d7a8 method=com.sun.org.apache.xerces.internal.impl.XMLEntityScanner.scanLiteral(ILcom/sun/org/apache/xerces/internal/xni/XMLString;Z)I @ 660
Event: 11.334 Thread 0x0000000019434800 Uncommon trap: reason=unstable_if action=reinterpret pc=0x0000000002d9b11c method=java.lang.CharacterDataLatin1.digit(II)I @ 31
Event: 11.467 Thread 0x0000000019434800 Uncommon trap: reason=unstable_if action=reinterpret pc=0x0000000002b857f4 method=java.lang.String.lastIndexOf([CII[CIII)I @ 118

Classes redefined (0 events):
No events

Internal exceptions (10 events):
Event: 10.503 Thread 0x0000000019434800 Exception <a 'java/lang/ClassNotFoundException': com/google/android/gms/dependencies/DependencyAnalyzerBeanInfo> (0x00000000da5428b0) thrown at [C:\src\AOSP-openjdk-git\hotspot\src\share\vm\classfile\systemDictionary.cpp, line 210]
Event: 10.504 Thread 0x0000000019434800 Exception <a 'java/lang/ClassNotFoundException': com/google/android/gms/dependencies/DependencyAnalyzerCustomizer> (0x00000000da55fb60) thrown at [C:\src\AOSP-openjdk-git\hotspot\src\share\vm\classfile\systemDictionary.cpp, line 210]
Event: 10.516 Thread 0x0000000019434800 Exception <a 'java/lang/ClassNotFoundException': com/google/android/gms/dependencies/DependencyInspectorBeanInfo> (0x00000000da5f7700) thrown at [C:\src\AOSP-openjdk-git\hotspot\src\share\vm\classfile\systemDictionary.cpp, line 210]
Event: 10.516 Thread 0x0000000019434800 Exception <a 'java/lang/ClassNotFoundException': com/google/android/gms/dependencies/DependencyInspectorCustomizer> (0x00000000da614a40) thrown at [C:\src\AOSP-openjdk-git\hotspot\src\share\vm\classfile\systemDictionary.cpp, line 210]
Event: 10.519 Thread 0x0000000019434800 Exception <a 'java/lang/ClassNotFoundException': org/gradle/invocation/DefaultGradle_DecoratedBeanInfo> (0x00000000da693160) thrown at [C:\src\AOSP-openjdk-git\hotspot\src\share\vm\classfile\systemDictionary.cpp, line 210]
Event: 10.520 Thread 0x0000000019434800 Exception <a 'java/lang/ClassNotFoundException': org/gradle/invocation/DefaultGradleBeanInfo> (0x00000000da6aa5b0) thrown at [C:\src\AOSP-openjdk-git\hotspot\src\share\vm\classfile\systemDictionary.cpp, line 210]
Event: 10.520 Thread 0x0000000019434800 Exception <a 'java/lang/ClassNotFoundException': org/gradle/invocation/DefaultGradleCustomizer> (0x00000000da6c1e68) thrown at [C:\src\AOSP-openjdk-git\hotspot\src\share\vm\classfile\systemDictionary.cpp, line 210]
Event: 10.522 Thread 0x0000000019434800 Exception <a 'java/lang/ClassNotFoundException': org/gradle/invocation/DefaultGradle_DecoratedCustomizer> (0x00000000da724510) thrown at [C:\src\AOSP-openjdk-git\hotspot\src\share\vm\classfile\systemDictionary.cpp, line 210]
Event: 10.772 Thread 0x0000000019434800 Exception <a 'java/lang/ClassNotFoundException': com/sun/org/glassfish/hk2/osgiresourcelocator/ServiceLoader> (0x00000000dbdb0db0) thrown at [C:\src\AOSP-openjdk-git\hotspot\src\share\vm\classfile\systemDictionary.cpp, line 210]
Event: 10.848 Thread 0x0000000019434800 Exception <a 'java/lang/NullPointerException'> (0x00000000d5793850) thrown at [C:\src\AOSP-openjdk-git\hotspot\src\share\vm\interpreter\linkResolver.cpp, line 1287]

Events (10 events):
Event: 11.588 loading class com/android/build/gradle/internal/dependency/AndroidXDependencySubstitution$replaceOldSupportLibraries$1$1$1
Event: 11.588 loading class com/android/build/gradle/internal/dependency/AndroidXDependencySubstitution$replaceOldSupportLibraries$1$1$1 done
Event: 11.588 loading class org/gradle/internal/component/external/model/VariantMetadataRules$VariantAction
Event: 11.588 loading class org/gradle/internal/component/external/model/VariantMetadataRules$VariantAction done
Event: 11.589 loading class org/gradle/internal/component/model/DependencyMetadataRules
Event: 11.589 loading class org/gradle/internal/component/model/DependencyMetadataRules done
Event: 11.589 loading class org/gradle/internal/component/model/DependencyMetadataRules$1
Event: 11.589 loading class org/gradle/internal/component/model/DependencyMetadataRules$1 done
Event: 11.590 loading class org/gradle/internal/component/model/DependencyMetadataRules$2
Event: 11.590 loading class org/gradle/internal/component/model/DependencyMetadataRules$2 done


Dynamic libraries:
0x00007ff66b710000 - 0x00007ff66b741000 	D:\android studio\jre\bin\java.exe
0x00007ff9161d0000 - 0x00007ff9163b1000 	C:\WINDOWS\SYSTEM32\ntdll.dll
0x00007ff913c70000 - 0x00007ff913d21000 	C:\WINDOWS\System32\KERNEL32.DLL
0x00007ff912f50000 - 0x00007ff9131c3000 	C:\WINDOWS\System32\KERNELBASE.dll
0x00007ff913870000 - 0x00007ff913911000 	C:\WINDOWS\System32\ADVAPI32.dll
0x00007ff914250000 - 0x00007ff9142ee000 	C:\WINDOWS\System32\msvcrt.dll
0x00007ff9141e0000 - 0x00007ff91423b000 	C:\WINDOWS\System32\sechost.dll
0x00007ff916050000 - 0x00007ff916174000 	C:\WINDOWS\System32\RPCRT4.dll
0x00007ff913920000 - 0x00007ff913ab0000 	C:\WINDOWS\System32\USER32.dll
0x00007ff912590000 - 0x00007ff9125b0000 	C:\WINDOWS\System32\win32u.dll
0x00007ff913730000 - 0x00007ff913758000 	C:\WINDOWS\System32\GDI32.dll
0x00007ff9131d0000 - 0x00007ff913361000 	C:\WINDOWS\System32\gdi32full.dll
0x00007ff912eb0000 - 0x00007ff912f4f000 	C:\WINDOWS\System32\msvcp_win.dll
0x00007ff913420000 - 0x00007ff913518000 	C:\WINDOWS\System32\ucrtbase.dll
0x00007ff907e00000 - 0x00007ff908069000 	C:\WINDOWS\WinSxS\amd64_microsoft.windows.common-controls_6595b64144ccf1df_6.0.17134.1006_none_d3fbb8f77c940c3f\COMCTL32.dll
0x00007ff915d20000 - 0x00007ff916041000 	C:\WINDOWS\System32\combase.dll
0x00007ff913570000 - 0x00007ff9135e9000 	C:\WINDOWS\System32\bcryptPrimitives.dll
0x00007ff9142f0000 - 0x00007ff91431d000 	C:\WINDOWS\System32\IMM32.DLL
0x0000000053a60000 - 0x0000000053b32000 	D:\android studio\jre\jre\bin\msvcr100.dll
0x0000000053c20000 - 0x000000005446b000 	D:\android studio\jre\jre\bin\server\jvm.dll
0x00007ff913c50000 - 0x00007ff913c58000 	C:\WINDOWS\System32\PSAPI.DLL
0x00007ff9110a0000 - 0x00007ff9110aa000 	C:\WINDOWS\SYSTEM32\VERSION.dll
0x00007ff90ba40000 - 0x00007ff90ba49000 	C:\WINDOWS\SYSTEM32\WSOCK32.dll
0x00007ff90f170000 - 0x00007ff90f193000 	C:\WINDOWS\SYSTEM32\WINMM.dll
0x00007ff914170000 - 0x00007ff9141dc000 	C:\WINDOWS\System32\WS2_32.dll
0x00007ff90f140000 - 0x00007ff90f16a000 	C:\WINDOWS\SYSTEM32\winmmbase.dll
0x00007ff913520000 - 0x00007ff913569000 	C:\WINDOWS\System32\cfgmgr32.dll
0x00007ff907960000 - 0x00007ff90796f000 	D:\android studio\jre\jre\bin\verify.dll
0x00007ff8df260000 - 0x00007ff8df289000 	D:\android studio\jre\jre\bin\java.dll
0x00007ff8e44a0000 - 0x00007ff8e44b6000 	D:\android studio\jre\jre\bin\zip.dll
0x00007ff914320000 - 0x00007ff915762000 	C:\WINDOWS\System32\SHELL32.dll
0x00007ff9137c0000 - 0x00007ff913869000 	C:\WINDOWS\System32\shcore.dll
0x00007ff9127a0000 - 0x00007ff912eae000 	C:\WINDOWS\System32\windows.storage.dll
0x00007ff913f50000 - 0x00007ff913fa1000 	C:\WINDOWS\System32\shlwapi.dll
0x00007ff912550000 - 0x00007ff912561000 	C:\WINDOWS\System32\kernel.appcore.dll
0x00007ff9124e0000 - 0x00007ff9124ff000 	C:\WINDOWS\System32\profapi.dll
0x00007ff912500000 - 0x00007ff91254c000 	C:\WINDOWS\System32\powrprof.dll
0x00007ff9124d0000 - 0x00007ff9124da000 	C:\WINDOWS\System32\FLTLIB.DLL
0x00007ff8e3670000 - 0x00007ff8e368a000 	D:\android studio\jre\jre\bin\net.dll
0x00007ff911d30000 - 0x00007ff911d96000 	C:\WINDOWS\system32\mswsock.dll
0x00007ff8e0cc0000 - 0x00007ff8e0cd3000 	D:\android studio\jre\jre\bin\nio.dll
0x00007ff8f6340000 - 0x00007ff8f6366000 	C:\Users\Jin\.gradle\native\31\windows-amd64\native-platform.dll
0x00007ff907390000 - 0x00007ff90739d000 	D:\android studio\jre\jre\bin\management.dll
0x00007ff911ee0000 - 0x00007ff911ef7000 	C:\WINDOWS\SYSTEM32\CRYPTSP.dll
0x00007ff9118e0000 - 0x00007ff911913000 	C:\WINDOWS\system32\rsaenh.dll
0x00007ff912010000 - 0x00007ff912035000 	C:\WINDOWS\SYSTEM32\bcrypt.dll
0x00007ff9123d0000 - 0x00007ff9123f8000 	C:\WINDOWS\SYSTEM32\USERENV.dll
0x00007ff911f00000 - 0x00007ff911f0b000 	C:\WINDOWS\SYSTEM32\CRYPTBASE.dll
0x00007ff911a80000 - 0x00007ff911ab8000 	C:\WINDOWS\SYSTEM32\IPHLPAPI.DLL
0x00007ff913c60000 - 0x00007ff913c68000 	C:\WINDOWS\System32\NSI.dll
0x00007ff90c560000 - 0x00007ff90c576000 	C:\WINDOWS\SYSTEM32\dhcpcsvc6.DLL
0x00007ff90c640000 - 0x00007ff90c65a000 	C:\WINDOWS\SYSTEM32\dhcpcsvc.DLL

VM Arguments:
jvm_args: -Dfile.encoding=UTF-8 -Xmx2048m -Dfile.encoding=UTF-8 -Duser.country=CN -Duser.language=zh -Duser.variant 
java_command: org.gradle.launcher.daemon.bootstrap.GradleDaemon 6.1.1
java_class_path (initial): C:\Users\Jin\.gradle\wrapper\dists\gradle-6.1.1-all\cfmwm155h49vnt3hynmlrsdst\gradle-6.1.1\lib\gradle-launcher-6.1.1.jar
Launcher Type: SUN_STANDARD

Environment Variables:
JAVA_HOME=C:\Program Files\Java\jdk1.8.0_181
JAVA_TOOL_OPTIONS=-Dfile.encoding=UTF-8
CLASSPATH=.;c:\program files\java\jdk1.8.0_181\bin\lib;c:\junit4.12;c:\junit4.12\junit-4.12.jar;c:\JUNIT4.12\hamcrest-core-1.3.jar;
PATH=C:\Program Files\MySQL\MySQL Server 8.0\bin;C:\Program Files (x86)\Intel\iCLS Client\;C:\Program Files\Intel\iCLS Client\;C:\Windows\system32;C:\Windows;C:\Windows\System32\Wbem;C:\Windows\System32\WindowsPowerShell\v1.0\;C:\Program Files (x86)\NVIDIA Corporation\PhysX\Common;C:\WINDOWS\system32;C:\WINDOWS;C:\WINDOWS\System32\Wbem;C:\WINDOWS\System32\WindowsPowerShell\v1.0\;C:\Program Files (x86)\Intel\Intel(R) Management Engine Components\DAL;C:\Program Files\Intel\Intel(R) Management Engine Components\DAL;C:\Program Files (x86)\Intel\Intel(R) Management Engine Components\IPT;C:\Program Files\Intel\Intel(R) Management Engine Components\IPT;C:\WINDOWS\System32\OpenSSH\;";C:\Program Files\Java\jdk1.8.0_181\bin;C:\Program Files\Java\jdk1.8.0_181\jre\bin";C:\Program Files\Java\jdk1.8.0_181\bin;C:\Program Files\Java\antjunit\apache-ant-1.10.5\bin;C:\JUNIT4.12\junit-4.12.jar;C:\Program Files\Git\cmd;C:\Users\Jin\AppData\Local\Android\Sdk\platform-tools;C:\Users\Jin\AppData\Local\Microsoft\WindowsApps;C:\Users\Jin\AppData\Roaming\Dashlane\6.1839.0.13410\bin\Firefox_Extension\{442718d9-475e-452a-b3e1-fb1ee16b8e9f}\components;C:\Users\Jin\AppData\Roaming\Dashlane\6.1839.0.13410\ucrt;C:\Users\Jin\AppData\Roaming\Dashlane\6.1839.0.13410\bin\Qt;C:\Users\Jin\AppData\Roaming\Dashlane\6.1839.0.13410\ucrt;C:\Users\Jin\AppData\Roaming\Dashlane\6.1839.0.13410\bin\Ssl;D:\visual studio code\Microsoft VS Code\bin;C:\Users\Jin\AppData\Local\GitHubDesktop\bin
USERNAME=Bran.Kim
OS=Windows_NT
PROCESSOR_IDENTIFIER=Intel64 Family 6 Model 158 Stepping 9, GenuineIntel



---------------  S Y S T E M  ---------------

OS: Windows 10.0 , 64 bit Build 17134 (10.0.17134.753)

CPU:total 4 (initial active 4) (4 cores per cpu, 1 threads per core) family 6 model 158 stepping 9, cmov, cx8, fxsr, mmx, sse, sse2, sse3, ssse3, sse4.1, sse4.2, popcnt, avx, avx2, aes, clmul, erms, 3dnowpref, lzcnt, tsc, tscinvbit, bmi1, bmi2, adx

Memory: 4k page, physical 8088216k(825912k free), swap 15689620k(6196k free)

vm_info: OpenJDK 64-Bit Server VM (25.242-b01) for windows-amd64 JRE (1.8.0_242-release-1644-b01), built by "builder" with MS VC++ 10.0 (VS2010)

time: Fri Sep 25 14:04:22 2020
timezone: GMT œƒ¡Ó ±
elapsed time: 11 seconds (0d 0h 0m 11s)

