#
# There is insufficient memory for the Java Runtime Environment to continue.
# Native memory allocation (malloc) failed to allocate 1741504 bytes for Chunk::new
# Possible reasons:
#   The system is out of physical RAM or swap space
#   The process is running with CompressedOops enabled, and the Java Heap may be blocking the growth of the native heap
# Possible solutions:
#   Reduce memory load on the system
#   Increase physical memory or swap space
#   Check if swap backing store is full
#   Decrease Java heap size (-Xmx/-Xms)
#   Decrease number of Java threads
#   Decrease Java thread stack sizes (-Xss)
#   Set larger code cache with -XX:ReservedCodeCacheSize=
#   JVM is running with Unscaled Compressed Oops mode in which the Java heap is
#     placed in the first 4GB address space. The Java Heap base address is the
#     maximum limit for the native heap growth. Please use -XX:HeapBaseMinAddress
#     to set the Java Heap base and to place the Java Heap above 4GB virtual address.
# This output file may be truncated or incomplete.
#
#  Out of Memory Error (allocation.cpp:389), pid=26384, tid=0x00000000000037a0
#
# JRE version: OpenJDK Runtime Environment (8.0_242-b01) (build 1.8.0_242-release-1644-b01)
# Java VM: OpenJDK 64-Bit Server VM (25.242-b01 mixed mode windows-amd64 compressed oops)
# Failed to write core dump. Minidumps are not enabled by default on client versions of Windows
#

---------------  T H R E A D  ---------------

Current thread (0x0000000018e3f000):  JavaThread "C2 CompilerThread1" daemon [_thread_in_native, id=14240, stack(0x0000000019530000,0x0000000019630000)]

Stack: [0x0000000019530000,0x0000000019630000]
[error occurred during error reporting (printing stack bounds), id 0xc0000005]

Native frames: (J=compiled Java code, j=interpreted, Vv=VM code, C=native code)


Current CompileTask:
C2: 751554 17175   !   4       com.google.common.reflect.TypeVisitor::visit (225 bytes)


---------------  P R O C E S S  ---------------

Java Threads: ( => current thread )
  0x000000001f62d800 JavaThread "Execution worker for ':' Thread 3" [_thread_in_vm, id=21464, stack(0x000000002d300000,0x000000002d400000)]
  0x000000001f631000 JavaThread "Execution worker for ':' Thread 2" [_thread_in_Java, id=26180, stack(0x000000002d200000,0x000000002d300000)]
  0x000000001f630000 JavaThread "Execution worker for ':'" [_thread_in_native, id=26012, stack(0x000000002d100000,0x000000002d200000)]
  0x000000001e4cd800 JavaThread "Cache worker for file content cache (C:\Users\Jin\Desktop\SmartRecipeManager\.gradle\6.1.1\fileContent)" [_thread_blocked, id=5480, stack(0x000000002d000000,0x000000002d100000)]
  0x000000001e4cb000 JavaThread "Cache worker for Build Output Cleanup Cache (C:\Users\Jin\Desktop\SmartRecipeManager\.gradle\buildOutputCleanup)" [_thread_blocked, id=19728, stack(0x000000002cf00000,0x000000002d000000)]
  0x000000001e4cc800 JavaThread "pool-6-thread-1" [_thread_blocked, id=24724, stack(0x000000002ce00000,0x000000002cf00000)]
  0x000000001e4cf000 JavaThread "Build operations Thread 4" [_thread_blocked, id=16296, stack(0x000000002cd00000,0x000000002ce00000)]
  0x000000001e4ce000 JavaThread "Build operations Thread 3" [_thread_blocked, id=25912, stack(0x000000002cc00000,0x000000002cd00000)]
  0x000000001e4d0800 JavaThread "Build operations Thread 2" [_thread_blocked, id=24832, stack(0x000000002cb00000,0x000000002cc00000)]
  0x000000001e4cc000 JavaThread "Build operations" [_thread_blocked, id=15552, stack(0x000000002ca00000,0x000000002cb00000)]
  0x000000001e4c3800 JavaThread "Cache worker for cache directory md-rule (C:\Users\Jin\.gradle\caches\6.1.1\md-rule)" [_thread_blocked, id=15736, stack(0x000000002c900000,0x000000002ca00000)]
  0x000000001e4ca800 JavaThread "Cache worker for cache directory md-supplier (C:\Users\Jin\.gradle\caches\6.1.1\md-supplier)" [_thread_blocked, id=26356, stack(0x000000002c800000,0x000000002c900000)]
  0x000000001e4c2800 JavaThread "Cache worker for file hash cache (C:\Users\Jin\Desktop\SmartRecipeManager\.gradle\6.1.1\fileHashes)" [_thread_blocked, id=25932, stack(0x000000002c700000,0x000000002c800000)]
  0x000000001e4c5000 JavaThread "Cache worker for checksums cache (C:\Users\Jin\Desktop\SmartRecipeManager\.gradle\checksums)" [_thread_blocked, id=24540, stack(0x000000002c600000,0x000000002c700000)]
  0x000000001e4c6800 JavaThread "Thread-87" [_thread_blocked, id=13144, stack(0x000000002c500000,0x000000002c600000)]
  0x000000001e4c7800 JavaThread "Stdin handler" [_thread_blocked, id=10720, stack(0x000000002c400000,0x000000002c500000)]
  0x000000001e4c9800 JavaThread "Asynchronous log dispatcher for DefaultDaemonConnection: socket connection from /127.0.0.1:59214 to /127.0.0.1:62423" [_thread_blocked, id=13796, stack(0x000000002c300000,0x000000002c400000)]
  0x000000001e4c5800 JavaThread "Daemon worker Thread 4" [_thread_blocked, id=12100, stack(0x000000002c200000,0x000000002c300000)]
  0x000000001e4c2000 JavaThread "Cancel handler" [_thread_blocked, id=23400, stack(0x000000002c100000,0x000000002c200000)]
  0x000000001e4c9000 JavaThread "Handler for socket connection from /127.0.0.1:59214 to /127.0.0.1:62423" [_thread_in_native, id=25592, stack(0x000000002c000000,0x000000002c100000)]
  0x000000001e4c8000 JavaThread "Daemon Thread 4" [_thread_blocked, id=25368, stack(0x000000002bf00000,0x000000002c000000)]
  0x000000001fdc2800 JavaThread "Cache worker for Java compile cache (C:\Users\Jin\.gradle\caches\6.1.1\javaCompile)" [_thread_blocked, id=24932, stack(0x0000000026b90000,0x0000000026c90000)]
  0x000000001bf2d800 JavaThread "Cache worker for file content cache (C:\Users\Jin\.gradle\caches\6.1.1\fileContent)" [_thread_blocked, id=9200, stack(0x00000000243d0000,0x00000000244d0000)]
  0x000000001bf34000 JavaThread "Memory manager" [_thread_blocked, id=7892, stack(0x00000000242d0000,0x00000000243d0000)]
  0x000000001b4b3800 JavaThread "Cache worker for execution history cache (C:\Users\Jin\.gradle\caches\6.1.1\executionHistory)" [_thread_blocked, id=26728, stack(0x0000000020f50000,0x0000000021050000)]
  0x000000001b4ad800 JavaThread "Cache worker for file hash cache (C:\Users\Jin\.gradle\caches\6.1.1\fileHashes)" [_thread_blocked, id=26412, stack(0x000000001d480000,0x000000001d580000)]
  0x000000001a42b800 JavaThread "File lock request listener" [_thread_in_native, id=23000, stack(0x000000001d280000,0x000000001d380000)]
  0x000000001a428000 JavaThread "Cache worker for journal cache (C:\Users\Jin\.gradle\caches\journal-1)" [_thread_blocked, id=13344, stack(0x000000001d180000,0x000000001d280000)]
  0x000000001b42c800 JavaThread "Daemon periodic checks" [_thread_blocked, id=4884, stack(0x000000001c580000,0x000000001c680000)]
  0x000000001b3dd000 JavaThread "Incoming local TCP Connector on port 59214" [_thread_in_native, id=21980, stack(0x000000001c3d0000,0x000000001c4d0000)]
  0x0000000018f3a800 JavaThread "Daemon health stats" [_thread_blocked, id=26272, stack(0x000000001c2d0000,0x000000001c3d0000)]
  0x0000000018eb5000 JavaThread "Service Thread" daemon [_thread_blocked, id=23952, stack(0x0000000019730000,0x0000000019830000)]
  0x0000000018e43000 JavaThread "C1 CompilerThread2" daemon [_thread_blocked, id=27488, stack(0x0000000019630000,0x0000000019730000)]
=>0x0000000018e3f000 JavaThread "C2 CompilerThread1" daemon [_thread_in_native, id=14240, stack(0x0000000019530000,0x0000000019630000)]
  0x0000000017b3e000 JavaThread "C2 CompilerThread0" daemon [_thread_in_native, id=25492, stack(0x0000000019430000,0x0000000019530000)]
  0x0000000017af0000 JavaThread "Attach Listener" daemon [_thread_blocked, id=22728, stack(0x0000000019330000,0x0000000019430000)]
  0x0000000018e38800 JavaThread "Signal Dispatcher" daemon [_thread_blocked, id=2756, stack(0x0000000019230000,0x0000000019330000)]
  0x0000000002ebb800 JavaThread "Finalizer" daemon [_thread_blocked, id=2596, stack(0x0000000018d30000,0x0000000018e30000)]
  0x0000000002eb3000 JavaThread "Reference Handler" daemon [_thread_blocked, id=27532, stack(0x0000000018c30000,0x0000000018d30000)]
  0x0000000002dc2800 JavaThread "main" [_thread_blocked, id=10724, stack(0x0000000002cc0000,0x0000000002dc0000)]

Other Threads:
  0x0000000017aa6000 VMThread [stack: 0x0000000018b30000,0x0000000018c30000] [id=21696]
  0x0000000018eb5800 WatcherThread [stack: 0x0000000019830000,0x0000000019930000] [id=20872]

VM state:not at safepoint (normal execution)

VM Mutex/Monitor currently owned by a thread: None

heap address: 0x0000000080000000, size: 2048 MB, Compressed Oops mode: 32-bit
Narrow klass base: 0x0000000000000000, Narrow klass shift: 3
Compressed class space size: 1073741824 Address: 0x0000000100000000

Heap:
 PSYoungGen      total 564224K, used 297650K [0x00000000d5580000, 0x00000000fc780000, 0x0000000100000000)
  eden space 514048K, 57% used [0x00000000d5580000,0x00000000e782cb98,0x00000000f4b80000)
  from space 50176K, 0% used [0x00000000f8180000,0x00000000f8180000,0x00000000fb280000)
  to   space 55296K, 0% used [0x00000000f4b80000,0x00000000f4b80000,0x00000000f8180000)
 ParOldGen       total 142336K, used 106503K [0x0000000080000000, 0x0000000088b00000, 0x00000000d5580000)
  object space 142336K, 74% used [0x0000000080000000,0x0000000086801f88,0x0000000088b00000)
 Metaspace       used 90384K, capacity 94830K, committed 95016K, reserved 1132544K
  class space    used 11868K, capacity 12745K, committed 12848K, reserved 1048576K

Card table byte_map: [0x0000000012280000,0x0000000012690000] byte_map_base: 0x0000000011e80000

Marking Bits: (ParMarkBitMap*) 0x000000005982f030
 Begin Bits: [0x0000000012d40000, 0x0000000014d40000)
 End Bits:   [0x0000000014d40000, 0x0000000016d40000)

Polling page: 0x0000000000f40000

CodeCache: size=245760Kb used=50099Kb max_used=50511Kb free=195660Kb
 bounds [0x0000000002ec0000, 0x0000000006070000, 0x0000000011ec0000]
 total_blobs=15147 nmethods=14279 adapters=778
 compilation: enabled

Compilation events (10 events):
Event: 751.254 Thread 0x0000000017b3e000 nmethod 17354 0x0000000004a27910 code [0x0000000004a27a40, 0x0000000004a27af8]
Event: 751.254 Thread 0x0000000017b3e000 17336       4       org.gradle.execution.plan.DefaultExecutionPlan::nodeSatisfiesTaskFilter (26 bytes)
Event: 751.254 Thread 0x0000000017b3e000 nmethod 17336 0x0000000004ff6550 code [0x0000000004ff66a0, 0x0000000004ff6758]
Event: 751.254 Thread 0x0000000017b3e000 17356       4       org.gradle.execution.plan.Node::isIncludeInGraph (26 bytes)
Event: 751.255 Thread 0x0000000017b3e000 nmethod 17356 0x0000000005829d50 code [0x0000000005829ea0, 0x0000000005829f38]
Event: 751.255 Thread 0x0000000017b3e000 17357       4       org.gradle.execution.plan.DefaultExecutionPlan$NodeMapping::contains (11 bytes)
Event: 751.255 Thread 0x0000000018e43000 17359       1       org.gradle.execution.plan.TaskNode::isPublicNode (2 bytes)
Event: 751.255 Thread 0x0000000018e43000 nmethod 17359 0x0000000005316f10 code [0x0000000005317060, 0x0000000005317170]
Event: 751.261 Thread 0x0000000017b3e000 nmethod 17357 0x0000000005319c90 code [0x0000000005319e20, 0x000000000531a3b8]
Event: 751.262 Thread 0x0000000017b3e000 17339       4       org.gradle.api.internal.artifacts.transform.DefaultTransformationNodeRegistry::getOrCreateInternal (161 bytes)

GC Heap History (10 events):
Event: 10.920 GC heap before
{Heap before GC invocations=12 (full 3):
 PSYoungGen      total 390656K, used 19675K [0x00000000d5580000, 0x00000000f5700000, 0x0000000100000000)
  eden space 366592K, 0% used [0x00000000d5580000,0x00000000d5580000,0x00000000ebb80000)
  from space 24064K, 81% used [0x00000000ebb80000,0x00000000eceb6f68,0x00000000ed300000)
  to   space 26112K, 0% used [0x00000000f3d80000,0x00000000f3d80000,0x00000000f5700000)
 ParOldGen       total 84480K, used 31060K [0x0000000080000000, 0x0000000085280000, 0x00000000d5580000)
  object space 84480K, 36% used [0x0000000080000000,0x0000000081e55058,0x0000000085280000)
 Metaspace       used 57005K, capacity 59076K, committed 59160K, reserved 1099776K
  class space    used 7834K, capacity 8334K, committed 8368K, reserved 1048576K
Event: 11.273 GC heap after
Heap after GC invocations=12 (full 3):
 PSYoungGen      total 390656K, used 0K [0x00000000d5580000, 0x00000000f5700000, 0x0000000100000000)
  eden space 366592K, 0% used [0x00000000d5580000,0x00000000d5580000,0x00000000ebb80000)
  from space 24064K, 0% used [0x00000000ebb80000,0x00000000ebb80000,0x00000000ed300000)
  to   space 26112K, 0% used [0x00000000f3d80000,0x00000000f3d80000,0x00000000f5700000)
 ParOldGen       total 142336K, used 46514K [0x0000000080000000, 0x0000000088b00000, 0x00000000d5580000)
  object space 142336K, 32% used [0x0000000080000000,0x0000000082d6ca48,0x0000000088b00000)
 Metaspace       used 56993K, capacity 59034K, committed 59160K, reserved 1099776K
  class space    used 7830K, capacity 8327K, committed 8368K, reserved 1048576K
}
Event: 16.291 GC heap before
{Heap before GC invocations=13 (full 3):
 PSYoungGen      total 390656K, used 366592K [0x00000000d5580000, 0x00000000f5700000, 0x0000000100000000)
  eden space 366592K, 100% used [0x00000000d5580000,0x00000000ebb80000,0x00000000ebb80000)
  from space 24064K, 0% used [0x00000000ebb80000,0x00000000ebb80000,0x00000000ed300000)
  to   space 26112K, 0% used [0x00000000f3d80000,0x00000000f3d80000,0x00000000f5700000)
 ParOldGen       total 142336K, used 46514K [0x0000000080000000, 0x0000000088b00000, 0x00000000d5580000)
  object space 142336K, 32% used [0x0000000080000000,0x0000000082d6ca48,0x0000000088b00000)
 Metaspace       used 62689K, capacity 65480K, committed 65832K, reserved 1105920K
  class space    used 8578K, capacity 9146K, committed 9264K, reserved 1048576K
Event: 16.335 GC heap after
Heap after GC invocations=13 (full 3):
 PSYoungGen      total 468992K, used 26092K [0x00000000d5580000, 0x00000000f5700000, 0x0000000100000000)
  eden space 442880K, 0% used [0x00000000d5580000,0x00000000d5580000,0x00000000f0600000)
  from space 26112K, 99% used [0x00000000f3d80000,0x00000000f56fb3e8,0x00000000f5700000)
  to   space 30208K, 0% used [0x00000000f1c00000,0x00000000f1c00000,0x00000000f3980000)
 ParOldGen       total 142336K, used 46987K [0x0000000080000000, 0x0000000088b00000, 0x00000000d5580000)
  object space 142336K, 33% used [0x0000000080000000,0x0000000082de2fe8,0x0000000088b00000)
 Metaspace       used 62689K, capacity 65480K, committed 65832K, reserved 1105920K
  class space    used 8578K, capacity 9146K, committed 9264K, reserved 1048576K
}
Event: 175.871 GC heap before
{Heap before GC invocations=14 (full 3):
 PSYoungGen      total 468992K, used 468972K [0x00000000d5580000, 0x00000000f5700000, 0x0000000100000000)
  eden space 442880K, 100% used [0x00000000d5580000,0x00000000f0600000,0x00000000f0600000)
  from space 26112K, 99% used [0x00000000f3d80000,0x00000000f56fb3e8,0x00000000f5700000)
  to   space 30208K, 0% used [0x00000000f1c00000,0x00000000f1c00000,0x00000000f3980000)
 ParOldGen       total 142336K, used 46987K [0x0000000080000000, 0x0000000088b00000, 0x00000000d5580000)
  object space 142336K, 33% used [0x0000000080000000,0x0000000082de2fe8,0x0000000088b00000)
 Metaspace       used 76571K, capacity 79764K, committed 80040K, reserved 1118208K
  class space    used 10162K, capacity 10802K, committed 10928K, reserved 1048576K
Event: 175.973 GC heap after
Heap after GC invocations=14 (full 3):
 PSYoungGen      total 495616K, used 30202K [0x00000000d5580000, 0x00000000fb280000, 0x0000000100000000)
  eden space 465408K, 0% used [0x00000000d5580000,0x00000000d5580000,0x00000000f1c00000)
  from space 30208K, 99% used [0x00000000f1c00000,0x00000000f397ea28,0x00000000f3980000)
  to   space 50176K, 0% used [0x00000000f8180000,0x00000000f8180000,0x00000000fb280000)
 ParOldGen       total 142336K, used 89195K [0x0000000080000000, 0x0000000088b00000, 0x00000000d5580000)
  object space 142336K, 62% used [0x0000000080000000,0x000000008571ae38,0x0000000088b00000)
 Metaspace       used 76571K, capacity 79764K, committed 80040K, reserved 1118208K
  class space    used 10162K, capacity 10802K, committed 10928K, reserved 1048576K
}
Event: 494.994 GC heap before
{Heap before GC invocations=15 (full 3):
 PSYoungGen      total 495616K, used 495610K [0x00000000d5580000, 0x00000000fb280000, 0x0000000100000000)
  eden space 465408K, 100% used [0x00000000d5580000,0x00000000f1c00000,0x00000000f1c00000)
  from space 30208K, 99% used [0x00000000f1c00000,0x00000000f397ea28,0x00000000f3980000)
  to   space 50176K, 0% used [0x00000000f8180000,0x00000000f8180000,0x00000000fb280000)
 ParOldGen       total 142336K, used 89195K [0x0000000080000000, 0x0000000088b00000, 0x00000000d5580000)
  object space 142336K, 62% used [0x0000000080000000,0x000000008571ae38,0x0000000088b00000)
 Metaspace       used 89518K, capacity 93852K, committed 93992K, reserved 1130496K
  class space    used 11855K, capacity 12724K, committed 12848K, reserved 1048576K
Event: 495.083 GC heap after
Heap after GC invocations=15 (full 3):
 PSYoungGen      total 564224K, used 40508K [0x00000000d5580000, 0x00000000fc780000, 0x0000000100000000)
  eden space 514048K, 0% used [0x00000000d5580000,0x00000000d5580000,0x00000000f4b80000)
  from space 50176K, 80% used [0x00000000f8180000,0x00000000fa90f310,0x00000000fb280000)
  to   space 55296K, 0% used [0x00000000f4b80000,0x00000000f4b80000,0x00000000f8180000)
 ParOldGen       total 142336K, used 116855K [0x0000000080000000, 0x0000000088b00000, 0x00000000d5580000)
  object space 142336K, 82% used [0x0000000080000000,0x000000008721ddb8,0x0000000088b00000)
 Metaspace       used 89518K, capacity 93852K, committed 93992K, reserved 1130496K
  class space    used 11855K, capacity 12724K, committed 12848K, reserved 1048576K
}
Event: 495.083 GC heap before
{Heap before GC invocations=16 (full 4):
 PSYoungGen      total 564224K, used 40508K [0x00000000d5580000, 0x00000000fc780000, 0x0000000100000000)
  eden space 514048K, 0% used [0x00000000d5580000,0x00000000d5580000,0x00000000f4b80000)
  from space 50176K, 80% used [0x00000000f8180000,0x00000000fa90f310,0x00000000fb280000)
  to   space 55296K, 0% used [0x00000000f4b80000,0x00000000f4b80000,0x00000000f8180000)
 ParOldGen       total 142336K, used 116855K [0x0000000080000000, 0x0000000088b00000, 0x00000000d5580000)
  object space 142336K, 82% used [0x0000000080000000,0x000000008721ddb8,0x0000000088b00000)
 Metaspace       used 89518K, capacity 93852K, committed 93992K, reserved 1130496K
  class space    used 11855K, capacity 12724K, committed 12848K, reserved 1048576K
Event: 495.514 GC heap after
Heap after GC invocations=16 (full 4):
 PSYoungGen      total 564224K, used 0K [0x00000000d5580000, 0x00000000fc780000, 0x0000000100000000)
  eden space 514048K, 0% used [0x00000000d5580000,0x00000000d5580000,0x00000000f4b80000)
  from space 50176K, 0% used [0x00000000f8180000,0x00000000f8180000,0x00000000fb280000)
  to   space 55296K, 0% used [0x00000000f4b80000,0x00000000f4b80000,0x00000000f8180000)
 ParOldGen       total 142336K, used 106503K [0x0000000080000000, 0x0000000088b00000, 0x00000000d5580000)
  object space 142336K, 74% used [0x0000000080000000,0x0000000086801f88,0x0000000088b00000)
 Metaspace       used 89427K, capacity 93590K, committed 93992K, reserved 1130496K
  class space    used 11825K, capacity 12671K, committed 12848K, reserved 1048576K
}

Deoptimization events (10 events):
Event: 498.478 Thread 0x000000001fdc7000 Uncommon trap: reason=array_check action=maybe_recompile pc=0x0000000005f480dc method=java.util.TimSort.reverseRange([Ljava/lang/Object;II)V @ 20
Event: 498.478 Thread 0x000000001fdc7000 Uncommon trap: reason=array_check action=maybe_recompile pc=0x0000000005f480dc method=java.util.TimSort.reverseRange([Ljava/lang/Object;II)V @ 20
Event: 498.676 Thread 0x000000001f62c000 Uncommon trap: reason=class_check action=maybe_recompile pc=0x000000000451ca78 method=com.google.common.collect.CompactHashMap$Itr.<init>(Lcom/google/common/collect/CompactHashMap;)V @ 25
Event: 498.686 Thread 0x000000001f62c000 Uncommon trap: reason=class_check action=maybe_recompile pc=0x000000000451ca78 method=com.google.common.collect.CompactHashMap$Itr.<init>(Lcom/google/common/collect/CompactHashMap;)V @ 25
Event: 498.720 Thread 0x000000001fdc1000 Uncommon trap: reason=unstable_if action=reinterpret pc=0x0000000004c15c5c method=java.util.stream.StreamOpFlag.getMask(I)I @ 1
Event: 498.886 Thread 0x000000001fdc1000 Uncommon trap: reason=array_check action=maybe_recompile pc=0x0000000006031ba8 method=java.util.TimSort.reverseRange([Ljava/lang/Object;II)V @ 27
Event: 750.735 Thread 0x000000001e4c9000 Uncommon trap: reason=class_check action=maybe_recompile pc=0x00000000046a09d8 method=java.lang.reflect.Array.newInstance(Ljava/lang/Class;I)Ljava/lang/Object; @ 2
Event: 750.746 Thread 0x000000001e4c5800 Uncommon trap: reason=unstable_if action=reinterpret pc=0x0000000005e18b44 method=java.util.Formatter$FormatSpecifier.precision(Ljava/lang/String;)I @ 6
Event: 750.791 Thread 0x000000001e4c5800 Uncommon trap: reason=class_check action=maybe_recompile pc=0x0000000004c48b98 method=com.google.common.cache.LocalCache$Segment.getLiveValue(Lcom/google/common/cache/ReferenceEntry;J)Ljava/lang/Object; @ 21
Event: 751.027 Thread 0x000000001e4c9800 Uncommon trap: reason=unstable_if action=reinterpret pc=0x0000000003018520 method=com.esotericsoftware.kryo.io.Output.writeVarLong(JZ)I @ 55

Classes redefined (0 events):
No events

Internal exceptions (10 events):
Event: 498.115 Thread 0x000000001fdc5800 Exception <a 'sun/nio/fs/WindowsException'> (0x00000000df1eac80) thrown at [C:\src\AOSP-openjdk-git\hotspot\src\share\vm\prims\jni.cpp, line 710]
Event: 498.117 Thread 0x000000001fdc5800 Exception <a 'sun/nio/fs/WindowsException'> (0x00000000df1f1f48) thrown at [C:\src\AOSP-openjdk-git\hotspot\src\share\vm\prims\jni.cpp, line 710]
Event: 498.119 Thread 0x000000001fdc5800 Exception <a 'sun/nio/fs/WindowsException'> (0x00000000df1f9650) thrown at [C:\src\AOSP-openjdk-git\hotspot\src\share\vm\prims\jni.cpp, line 710]
Event: 498.121 Thread 0x000000001fdc5800 Exception <a 'sun/nio/fs/WindowsException'> (0x00000000df200a68) thrown at [C:\src\AOSP-openjdk-git\hotspot\src\share\vm\prims\jni.cpp, line 710]
Event: 498.123 Thread 0x000000001fdc5800 Exception <a 'sun/nio/fs/WindowsException'> (0x00000000df20a050) thrown at [C:\src\AOSP-openjdk-git\hotspot\src\share\vm\prims\jni.cpp, line 710]
Event: 498.126 Thread 0x000000001fdc5800 Exception <a 'sun/nio/fs/WindowsException'> (0x00000000df36cf20) thrown at [C:\src\AOSP-openjdk-git\hotspot\src\share\vm\prims\jni.cpp, line 710]
Event: 498.314 Thread 0x000000001fdc7000 Exception <a 'sun/nio/fs/WindowsException'> (0x00000000e033a528) thrown at [C:\src\AOSP-openjdk-git\hotspot\src\share\vm\prims\jni.cpp, line 710]
Event: 498.631 Thread 0x000000001e4c7800 Exception <a 'sun/nio/fs/WindowsException'> (0x00000000e2816318) thrown at [C:\src\AOSP-openjdk-git\hotspot\src\share\vm\prims\jni.cpp, line 710]
Event: 499.035 Thread 0x000000001f62c000 Exception <a 'sun/nio/fs/WindowsException'> (0x00000000e2dc8f50) thrown at [C:\src\AOSP-openjdk-git\hotspot\src\share\vm\prims\jni.cpp, line 710]
Event: 750.919 Thread 0x000000001e4c5800 Exception <a 'sun/nio/fs/WindowsException'> (0x00000000e4814f30) thrown at [C:\src\AOSP-openjdk-git\hotspot\src\share\vm\prims\jni.cpp, line 710]

Events (10 events):
Event: 751.257 Executing VM operation: RevokeBias
Event: 751.257 Executing VM operation: RevokeBias done
Event: 751.258 Executing VM operation: RevokeBias
Event: 751.258 Executing VM operation: RevokeBias done
Event: 751.260 Executing VM operation: RevokeBias
Event: 751.260 Executing VM operation: RevokeBias done
Event: 751.260 Executing VM operation: RevokeBias
Event: 751.260 Executing VM operation: RevokeBias done
Event: 751.262 Thread 0x0000000017b3e000 flushing nmethod 0x0000000003131c10
Event: 751.262 Thread 0x0000000017b3e000 flushing nmethod 0x0000000003154150


Dynamic libraries:
0x00007ff77d920000 - 0x00007ff77d951000 	D:\android studio\jre\bin\java.exe
0x00007ffb1bf50000 - 0x00007ffb1c131000 	C:\WINDOWS\SYSTEM32\ntdll.dll
0x00007ffb1ba00000 - 0x00007ffb1bab1000 	C:\WINDOWS\System32\KERNEL32.DLL
0x00007ffb18790000 - 0x00007ffb18a03000 	C:\WINDOWS\System32\KERNELBASE.dll
0x00007ffb1bd50000 - 0x00007ffb1bdf1000 	C:\WINDOWS\System32\ADVAPI32.dll
0x00007ffb194e0000 - 0x00007ffb1957e000 	C:\WINDOWS\System32\msvcrt.dll
0x00007ffb1be60000 - 0x00007ffb1bebb000 	C:\WINDOWS\System32\sechost.dll
0x00007ffb19ec0000 - 0x00007ffb19fe4000 	C:\WINDOWS\System32\RPCRT4.dll
0x00007ffb1bac0000 - 0x00007ffb1bc50000 	C:\WINDOWS\System32\USER32.dll
0x00007ffb19330000 - 0x00007ffb19350000 	C:\WINDOWS\System32\win32u.dll
0x00007ffb1bd20000 - 0x00007ffb1bd48000 	C:\WINDOWS\System32\GDI32.dll
0x00007ffb185a0000 - 0x00007ffb18731000 	C:\WINDOWS\System32\gdi32full.dll
0x00007ffb18500000 - 0x00007ffb1859f000 	C:\WINDOWS\System32\msvcp_win.dll
0x00007ffb18a10000 - 0x00007ffb18b08000 	C:\WINDOWS\System32\ucrtbase.dll
0x00007ffb0be30000 - 0x00007ffb0c099000 	C:\WINDOWS\WinSxS\amd64_microsoft.windows.common-controls_6595b64144ccf1df_6.0.17134.1006_none_d3fbb8f77c940c3f\COMCTL32.dll
0x00007ffb1b530000 - 0x00007ffb1b851000 	C:\WINDOWS\System32\combase.dll
0x00007ffb19350000 - 0x00007ffb193c9000 	C:\WINDOWS\System32\bcryptPrimitives.dll
0x00007ffb19690000 - 0x00007ffb196bd000 	C:\WINDOWS\System32\IMM32.DLL
0x0000000059bb0000 - 0x0000000059c82000 	D:\android studio\jre\jre\bin\msvcr100.dll
0x0000000059060000 - 0x00000000598ab000 	D:\android studio\jre\jre\bin\server\jvm.dll
0x00007ffb196c0000 - 0x00007ffb196c8000 	C:\WINDOWS\System32\PSAPI.DLL
0x00007ffb12d90000 - 0x00007ffb12db3000 	C:\WINDOWS\SYSTEM32\WINMM.dll
0x00007ffb11660000 - 0x00007ffb11669000 	C:\WINDOWS\SYSTEM32\WSOCK32.dll
0x00007ffb1a070000 - 0x00007ffb1a0dc000 	C:\WINDOWS\System32\WS2_32.dll
0x00007ffb116c0000 - 0x00007ffb116ca000 	C:\WINDOWS\SYSTEM32\VERSION.dll
0x00007ffb12d60000 - 0x00007ffb12d8a000 	C:\WINDOWS\SYSTEM32\WINMMBASE.dll
0x00007ffb18740000 - 0x00007ffb18789000 	C:\WINDOWS\System32\cfgmgr32.dll
0x00007ffb10010000 - 0x00007ffb1001f000 	D:\android studio\jre\jre\bin\verify.dll
0x00007ffaf9a60000 - 0x00007ffaf9a89000 	D:\android studio\jre\jre\bin\java.dll
0x00007ffb0b190000 - 0x00007ffb0b1a6000 	D:\android studio\jre\jre\bin\zip.dll
0x00007ffb1a0e0000 - 0x00007ffb1b522000 	C:\WINDOWS\System32\SHELL32.dll
0x00007ffb19580000 - 0x00007ffb19629000 	C:\WINDOWS\System32\shcore.dll
0x00007ffb18b10000 - 0x00007ffb1921e000 	C:\WINDOWS\System32\windows.storage.dll
0x00007ffb19630000 - 0x00007ffb19681000 	C:\WINDOWS\System32\shlwapi.dll
0x00007ffb18250000 - 0x00007ffb18261000 	C:\WINDOWS\System32\kernel.appcore.dll
0x00007ffb182f0000 - 0x00007ffb1830f000 	C:\WINDOWS\System32\profapi.dll
0x00007ffb182a0000 - 0x00007ffb182ec000 	C:\WINDOWS\System32\powrprof.dll
0x00007ffb18270000 - 0x00007ffb1827a000 	C:\WINDOWS\System32\FLTLIB.DLL
0x00007ffb0a0d0000 - 0x00007ffb0a0ea000 	D:\android studio\jre\jre\bin\net.dll
0x00007ffb17750000 - 0x00007ffb177b6000 	C:\WINDOWS\system32\mswsock.dll
0x00007ffb08a00000 - 0x00007ffb08a13000 	D:\android studio\jre\jre\bin\nio.dll
0x00007ffaee1e0000 - 0x00007ffaee206000 	C:\Users\Jin\.gradle\native\31\windows-amd64\native-platform.dll
0x00007ffb0b280000 - 0x00007ffb0b28d000 	D:\android studio\jre\jre\bin\management.dll
0x00007ffb17f50000 - 0x00007ffb17f67000 	C:\WINDOWS\SYSTEM32\CRYPTSP.dll
0x00007ffb17300000 - 0x00007ffb17333000 	C:\WINDOWS\system32\rsaenh.dll
0x00007ffb17ce0000 - 0x00007ffb17d05000 	C:\WINDOWS\SYSTEM32\bcrypt.dll
0x00007ffb18180000 - 0x00007ffb181a8000 	C:\WINDOWS\SYSTEM32\USERENV.dll
0x00007ffb17900000 - 0x00007ffb1790b000 	C:\WINDOWS\SYSTEM32\CRYPTBASE.dll
0x00007ffb174a0000 - 0x00007ffb174d8000 	C:\WINDOWS\SYSTEM32\IPHLPAPI.DLL
0x00007ffb19c80000 - 0x00007ffb19c88000 	C:\WINDOWS\System32\NSI.dll
0x00007ffb104f0000 - 0x00007ffb10506000 	C:\WINDOWS\SYSTEM32\dhcpcsvc6.DLL
0x00007ffb113d0000 - 0x00007ffb113ea000 	C:\WINDOWS\SYSTEM32\dhcpcsvc.DLL

VM Arguments:
jvm_args: -Dfile.encoding=UTF-8 -Xmx2048m -Dfile.encoding=UTF-8 -Duser.country=CN -Duser.language=zh -Duser.variant 
java_command: org.gradle.launcher.daemon.bootstrap.GradleDaemon 6.1.1
java_class_path (initial): C:\Users\Jin\.gradle\wrapper\dists\gradle-6.1.1-all\cfmwm155h49vnt3hynmlrsdst\gradle-6.1.1\lib\gradle-launcher-6.1.1.jar
Launcher Type: SUN_STANDARD

Environment Variables:
JAVA_HOME=C:\Program Files\Java\jdk1.8.0_181
JAVA_TOOL_OPTIONS=-Dfile.encoding=UTF-8
CLASSPATH=.;c:\program files\java\jdk1.8.0_181\bin\lib;c:\junit4.12;c:\junit4.12\junit-4.12.jar;c:\JUNIT4.12\hamcrest-core-1.3.jar;
PATH=C:\Program Files\MySQL\MySQL Server 8.0\bin;C:\Program Files (x86)\Intel\iCLS Client\;C:\Program Files\Intel\iCLS Client\;C:\Windows\system32;C:\Windows;C:\Windows\System32\Wbem;C:\Windows\System32\WindowsPowerShell\v1.0\;C:\Program Files (x86)\NVIDIA Corporation\PhysX\Common;C:\WINDOWS\system32;C:\WINDOWS;C:\WINDOWS\System32\Wbem;C:\WINDOWS\System32\WindowsPowerShell\v1.0\;C:\Program Files (x86)\Intel\Intel(R) Management Engine Components\DAL;C:\Program Files\Intel\Intel(R) Management Engine Components\DAL;C:\Program Files (x86)\Intel\Intel(R) Management Engine Components\IPT;C:\Program Files\Intel\Intel(R) Management Engine Components\IPT;C:\WINDOWS\System32\OpenSSH\;";C:\Program Files\Java\jdk1.8.0_181\bin;C:\Program Files\Java\jdk1.8.0_181\jre\bin";C:\Program Files\Java\jdk1.8.0_181\bin;C:\Program Files\Java\antjunit\apache-ant-1.10.5\bin;C:\JUNIT4.12\junit-4.12.jar;C:\Program Files\Git\cmd;C:\Users\Jin\AppData\Local\Android\Sdk\platform-tools;C:\Users\Jin\AppData\Local\Microsoft\WindowsApps;C:\Users\Jin\AppData\Roaming\Dashlane\6.1839.0.13410\bin\Firefox_Extension\{442718d9-475e-452a-b3e1-fb1ee16b8e9f}\components;C:\Users\Jin\AppData\Roaming\Dashlane\6.1839.0.13410\ucrt;C:\Users\Jin\AppData\Roaming\Dashlane\6.1839.0.13410\bin\Qt;C:\Users\Jin\AppData\Roaming\Dashlane\6.1839.0.13410\ucrt;C:\Users\Jin\AppData\Roaming\Dashlane\6.1839.0.13410\bin\Ssl;D:\visual studio code\Microsoft VS Code\bin
USERNAME=Bran.Kim
OS=Windows_NT
PROCESSOR_IDENTIFIER=Intel64 Family 6 Model 158 Stepping 9, GenuineIntel



---------------  S Y S T E M  ---------------

OS: Windows 10.0 , 64 bit Build 17134 (10.0.17134.753)

CPU:total 4 (initial active 4) (4 cores per cpu, 1 threads per core) family 6 model 158 stepping 9, cmov, cx8, fxsr, mmx, sse, sse2, sse3, ssse3, sse4.1, sse4.2, popcnt, avx, avx2, aes, clmul, erms, 3dnowpref, lzcnt, tsc, tscinvbit, bmi1, bmi2, adx

Memory: 4k page, physical 8088216k(662980k free), swap 15689620k(6784k free)

vm_info: OpenJDK 64-Bit Server VM (25.242-b01) for windows-amd64 JRE (1.8.0_242-release-1644-b01), built by "builder" with MS VC++ 10.0 (VS2010)

time: Sat Mar 20 02:52:37 2021
timezone: GMT 标准时间
elapsed time: 751 seconds (0d 0h 12m 31s)

