#
# There is insufficient memory for the Java Runtime Environment to continue.
# Native memory allocation (malloc) failed to allocate 1177616 bytes for Chunk::new
# Possible reasons:
#   The system is out of physical RAM or swap space
#   The process is running with CompressedOops enabled, and the Java Heap may be blocking the growth of the native heap
# Possible solutions:
#   Reduce memory load on the system
#   Increase physical memory or swap space
#   Check if swap backing store is full
#   Decrease Java heap size (-Xmx/-Xms)
#   Decrease number of Java threads
#   Decrease Java thread stack sizes (-Xss)
#   Set larger code cache with -XX:ReservedCodeCacheSize=
#   JVM is running with Unscaled Compressed Oops mode in which the Java heap is
#     placed in the first 4GB address space. The Java Heap base address is the
#     maximum limit for the native heap growth. Please use -XX:HeapBaseMinAddress
#     to set the Java Heap base and to place the Java Heap above 4GB virtual address.
# This output file may be truncated or incomplete.
#
#  Out of Memory Error (allocation.cpp:389), pid=24024, tid=0x0000000000006b00
#
# JRE version: OpenJDK Runtime Environment (8.0_242-b01) (build 1.8.0_242-release-1644-b01)
# Java VM: OpenJDK 64-Bit Server VM (25.242-b01 mixed mode windows-amd64 compressed oops)
# Failed to write core dump. Minidumps are not enabled by default on client versions of Windows
#

---------------  T H R E A D  ---------------

Current thread (0x0000000018140800):  JavaThread "C2 CompilerThread0" daemon [_thread_in_native, id=27392, stack(0x0000000019ab0000,0x0000000019bb0000)]

Stack: [0x0000000019ab0000,0x0000000019bb0000]
[error occurred during error reporting (printing stack bounds), id 0xc0000005]

Native frames: (J=compiled Java code, j=interpreted, Vv=VM code, C=native code)


Current CompileTask:
C2:   8308 4864       4       java.lang.Class::privateGetMethodRecursive (130 bytes)


---------------  P R O C E S S  ---------------

Java Threads: ( => current thread )
  0x000000001c4e8800 JavaThread "Cache worker for Build Output Cleanup Cache (C:\Users\Jin\Desktop\SmartRecipeManager\.gradle\buildOutputCleanup)" [_thread_blocked, id=25088, stack(0x0000000023e40000,0x0000000023f40000)]
  0x000000001c4e2800 JavaThread "pool-1-thread-1" [_thread_blocked, id=20964, stack(0x0000000023b40000,0x0000000023c40000)]
  0x000000001c4e7000 JavaThread "Build operations Thread 4" [_thread_blocked, id=29072, stack(0x0000000023640000,0x0000000023740000)]
  0x000000001c4e4000 JavaThread "Build operations Thread 3" [_thread_blocked, id=296, stack(0x0000000023540000,0x0000000023640000)]
  0x000000001c4e3800 JavaThread "Build operations Thread 2" [_thread_blocked, id=20796, stack(0x0000000023440000,0x0000000023540000)]
  0x000000001c4e1000 JavaThread "Build operations" [_thread_blocked, id=29540, stack(0x0000000023340000,0x0000000023440000)]
  0x000000001bc9b800 JavaThread "Cache worker for execution history cache (C:\Users\Jin\.gradle\caches\6.1.1\executionHistory)" [_thread_blocked, id=87520, stack(0x00000000215d0000,0x00000000216d0000)]
  0x000000001bc99000 JavaThread "Cache worker for cache directory md-rule (C:\Users\Jin\.gradle\caches\6.1.1\md-rule)" [_thread_blocked, id=1372, stack(0x00000000214d0000,0x00000000215d0000)]
  0x000000001bc9f000 JavaThread "Cache worker for cache directory md-supplier (C:\Users\Jin\.gradle\caches\6.1.1\md-supplier)" [_thread_blocked, id=7388, stack(0x00000000213d0000,0x00000000214d0000)]
  0x000000001bc9a800 JavaThread "Cache worker for file hash cache (C:\Users\Jin\Desktop\SmartRecipeManager\.gradle\6.1.1\fileHashes)" [_thread_blocked, id=24432, stack(0x00000000212d0000,0x00000000213d0000)]
  0x000000001bc9a000 JavaThread "Cache worker for checksums cache (C:\Users\Jin\Desktop\SmartRecipeManager\.gradle\checksums)" [_thread_blocked, id=28024, stack(0x0000000020200000,0x0000000020300000)]
  0x000000001bc9e800 JavaThread "Cache worker for file hash cache (C:\Users\Jin\.gradle\caches\6.1.1\fileHashes)" [_thread_blocked, id=76088, stack(0x000000001db00000,0x000000001dc00000)]
  0x000000001bca0000 JavaThread "File lock request listener" [_thread_in_native, id=21048, stack(0x000000001d900000,0x000000001da00000)]
  0x000000001bc0c000 JavaThread "Cache worker for journal cache (C:\Users\Jin\.gradle\caches\journal-1)" [_thread_blocked, id=89816, stack(0x000000001d800000,0x000000001d900000)]
  0x000000001a14c800 JavaThread "Thread-9" [_thread_blocked, id=14884, stack(0x000000001d500000,0x000000001d600000)]
  0x000000001a272800 JavaThread "Stdin handler" [_thread_blocked, id=29784, stack(0x000000001d400000,0x000000001d500000)]
  0x000000001a82e800 JavaThread "Asynchronous log dispatcher for DefaultDaemonConnection: socket connection from /127.0.0.1:58603 to /127.0.0.1:58604" [_thread_blocked, id=30424, stack(0x000000001d300000,0x000000001d400000)]
  0x000000001bba2800 JavaThread "Daemon worker" [_thread_in_Java, id=23304, stack(0x000000001d200000,0x000000001d300000)]
  0x000000001bba2000 JavaThread "Cancel handler" [_thread_blocked, id=28836, stack(0x000000001d100000,0x000000001d200000)]
  0x000000001a08f800 JavaThread "Handler for socket connection from /127.0.0.1:58603 to /127.0.0.1:58604" [_thread_in_native, id=23544, stack(0x000000001ce00000,0x000000001cf00000)]
  0x000000001bb86800 JavaThread "Daemon" [_thread_blocked, id=27580, stack(0x000000001cd00000,0x000000001ce00000)]
  0x000000001bb53800 JavaThread "Daemon periodic checks" [_thread_blocked, id=21520, stack(0x000000001cc00000,0x000000001cd00000)]
  0x000000001bb11800 JavaThread "Incoming local TCP Connector on port 58603" [_thread_in_native, id=9444, stack(0x000000001ca50000,0x000000001cb50000)]
  0x0000000019fec000 JavaThread "Daemon health stats" [_thread_blocked, id=8940, stack(0x000000001c950000,0x000000001ca50000)]
  0x0000000019541800 JavaThread "Service Thread" daemon [_thread_blocked, id=85128, stack(0x0000000019db0000,0x0000000019eb0000)]
  0x00000000194bd800 JavaThread "C1 CompilerThread2" daemon [_thread_in_native, id=22564, stack(0x0000000019cb0000,0x0000000019db0000)]
  0x00000000194bb000 JavaThread "C2 CompilerThread1" daemon [_thread_in_native, id=30472, stack(0x0000000019bb0000,0x0000000019cb0000)]
=>0x0000000018140800 JavaThread "C2 CompilerThread0" daemon [_thread_in_native, id=27392, stack(0x0000000019ab0000,0x0000000019bb0000)]
  0x000000001813e800 JavaThread "Attach Listener" daemon [_thread_blocked, id=30056, stack(0x00000000199b0000,0x0000000019ab0000)]
  0x00000000194b8800 JavaThread "Signal Dispatcher" daemon [_thread_blocked, id=20696, stack(0x00000000198b0000,0x00000000199b0000)]
  0x000000000350d000 JavaThread "Finalizer" daemon [_thread_blocked, id=29676, stack(0x00000000193b0000,0x00000000194b0000)]
  0x0000000018119000 JavaThread "Reference Handler" daemon [_thread_blocked, id=28328, stack(0x00000000192b0000,0x00000000193b0000)]
  0x0000000003412800 JavaThread "main" [_thread_blocked, id=24672, stack(0x0000000003310000,0x0000000003410000)]

Other Threads:
  0x00000000180f6000 VMThread [stack: 0x00000000191b0000,0x00000000192b0000] [id=23592]
  0x0000000019542800 WatcherThread [stack: 0x0000000019eb0000,0x0000000019fb0000] [id=24728]

VM state:not at safepoint (normal execution)

VM Mutex/Monitor currently owned by a thread:  ([mutex/lock_event])
[0x0000000002ece7e0] AdapterHandlerLibrary_lock - owner thread: 0x0000000000000000

heap address: 0x0000000080000000, size: 2048 MB, Compressed Oops mode: 32-bit
Narrow klass base: 0x0000000000000000, Narrow klass shift: 3
Compressed class space size: 1073741824 Address: 0x0000000100000000

Heap:
 PSYoungGen      total 174080K, used 114995K [0x00000000d5580000, 0x00000000e5500000, 0x0000000100000000)
  eden space 161792K, 63% used [0x00000000d5580000,0x00000000db9cdd88,0x00000000df380000)
  from space 12288K, 99% used [0x00000000df380000,0x00000000dff7f050,0x00000000dff80000)
  to   space 16896K, 0% used [0x00000000e4480000,0x00000000e4480000,0x00000000e5500000)
 ParOldGen       total 49664K, used 20922K [0x0000000080000000, 0x0000000083080000, 0x00000000d5580000)
  object space 49664K, 42% used [0x0000000080000000,0x000000008146e8c8,0x0000000083080000)
 Metaspace       used 53979K, capacity 56014K, committed 56152K, reserved 1097728K
  class space    used 7338K, capacity 7791K, committed 7808K, reserved 1048576K

Card table byte_map: [0x00000000128d0000,0x0000000012ce0000] byte_map_base: 0x00000000124d0000

Marking Bits: (ParMarkBitMap*) 0x00000000543ef030
 Begin Bits: [0x0000000013390000, 0x0000000015390000)
 End Bits:   [0x0000000015390000, 0x0000000017390000)

Polling page: 0x0000000001160000

CodeCache: size=245760Kb used=15782Kb max_used=15782Kb free=229977Kb
 bounds [0x0000000003510000, 0x0000000004490000, 0x0000000012510000]
 total_blobs=5321 nmethods=4548 adapters=685
 compilation: enabled

Compilation events (10 events):
Event: 8.299 Thread 0x00000000194bd800 4938       3       groovyjarjarasm.asm.Frame::<init> (10 bytes)
Event: 8.299 Thread 0x00000000194bd800 nmethod 4938 0x0000000004477410 code [0x0000000004477560, 0x0000000004477730]
Event: 8.299 Thread 0x00000000194bd800 4939       3       groovyjarjarasm.asm.Frame::getAbstractTypeFromDescriptor (415 bytes)
Event: 8.300 Thread 0x00000000194bd800 nmethod 4939 0x00000000044777d0 code [0x0000000004477a40, 0x0000000004478b08]
Event: 8.301 Thread 0x00000000194bd800 4940       3       groovyjarjarasm.asm.SymbolTable::addConstantMemberReference (147 bytes)
Event: 8.302 Thread 0x00000000194bd800 nmethod 4940 0x0000000004479210 code [0x0000000004479460, 0x000000000447a208]
Event: 8.302 Thread 0x00000000194bd800 4941       3       groovyjarjarasm.asm.SymbolTable::hash (20 bytes)
Event: 8.302 Thread 0x00000000194bd800 nmethod 4941 0x000000000447a910 code [0x000000000447aaa0, 0x000000000447ae28]
Event: 8.302 Thread 0x00000000194bd800 4942       3       groovyjarjarasm.asm.Edge::<init> (20 bytes)
Event: 8.302 Thread 0x00000000194bd800 nmethod 4942 0x000000000447afd0 code [0x000000000447b120, 0x000000000447b2f0]

GC Heap History (10 events):
Event: 4.022 GC heap before
{Heap before GC invocations=9 (full 1):
 PSYoungGen      total 73728K, used 62464K [0x00000000d5580000, 0x00000000de480000, 0x0000000100000000)
  eden space 62464K, 100% used [0x00000000d5580000,0x00000000d9280000,0x00000000d9280000)
  from space 11264K, 0% used [0x00000000d9280000,0x00000000d9280000,0x00000000d9d80000)
  to   space 10752K, 0% used [0x00000000dda00000,0x00000000dda00000,0x00000000de480000)
 ParOldGen       total 49664K, used 7453K [0x0000000080000000, 0x0000000083080000, 0x00000000d5580000)
  object space 49664K, 15% used [0x0000000080000000,0x0000000080747738,0x0000000083080000)
 Metaspace       used 27865K, capacity 28586K, committed 28672K, reserved 1073152K
  class space    used 3845K, capacity 4063K, committed 4096K, reserved 1048576K
Event: 4.029 GC heap after
Heap after GC invocations=9 (full 1):
 PSYoungGen      total 118784K, used 7579K [0x00000000d5580000, 0x00000000de180000, 0x0000000100000000)
  eden space 111104K, 0% used [0x00000000d5580000,0x00000000d5580000,0x00000000dc200000)
  from space 7680K, 98% used [0x00000000dda00000,0x00000000de166ef0,0x00000000de180000)
  to   space 10752K, 0% used [0x00000000dcc80000,0x00000000dcc80000,0x00000000dd700000)
 ParOldGen       total 49664K, used 7461K [0x0000000080000000, 0x0000000083080000, 0x00000000d5580000)
  object space 49664K, 15% used [0x0000000080000000,0x0000000080749738,0x0000000083080000)
 Metaspace       used 27865K, capacity 28586K, committed 28672K, reserved 1073152K
  class space    used 3845K, capacity 4063K, committed 4096K, reserved 1048576K
}
Event: 4.969 GC heap before
{Heap before GC invocations=10 (full 1):
 PSYoungGen      total 118784K, used 118683K [0x00000000d5580000, 0x00000000de180000, 0x0000000100000000)
  eden space 111104K, 100% used [0x00000000d5580000,0x00000000dc200000,0x00000000dc200000)
  from space 7680K, 98% used [0x00000000dda00000,0x00000000de166ef0,0x00000000de180000)
  to   space 10752K, 0% used [0x00000000dcc80000,0x00000000dcc80000,0x00000000dd700000)
 ParOldGen       total 49664K, used 7461K [0x0000000080000000, 0x0000000083080000, 0x00000000d5580000)
  object space 49664K, 15% used [0x0000000080000000,0x0000000080749738,0x0000000083080000)
 Metaspace       used 34155K, capacity 35080K, committed 35200K, reserved 1079296K
  class space    used 4687K, capacity 4935K, committed 4992K, reserved 1048576K
Event: 4.989 GC heap after
Heap after GC invocations=10 (full 1):
 PSYoungGen      total 132608K, used 10721K [0x00000000d5580000, 0x00000000e0b80000, 0x0000000100000000)
  eden space 121856K, 0% used [0x00000000d5580000,0x00000000d5580000,0x00000000dcc80000)
  from space 10752K, 99% used [0x00000000dcc80000,0x00000000dd6f8600,0x00000000dd700000)
  to   space 12288K, 0% used [0x00000000dff80000,0x00000000dff80000,0x00000000e0b80000)
 ParOldGen       total 49664K, used 8094K [0x0000000080000000, 0x0000000083080000, 0x00000000d5580000)
  object space 49664K, 16% used [0x0000000080000000,0x00000000807e7bf0,0x0000000083080000)
 Metaspace       used 34155K, capacity 35080K, committed 35200K, reserved 1079296K
  class space    used 4687K, capacity 4935K, committed 4992K, reserved 1048576K
}
Event: 5.048 GC heap before
{Heap before GC invocations=11 (full 1):
 PSYoungGen      total 132608K, used 17723K [0x00000000d5580000, 0x00000000e0b80000, 0x0000000100000000)
  eden space 121856K, 5% used [0x00000000d5580000,0x00000000d5c56900,0x00000000dcc80000)
  from space 10752K, 99% used [0x00000000dcc80000,0x00000000dd6f8600,0x00000000dd700000)
  to   space 12288K, 0% used [0x00000000dff80000,0x00000000dff80000,0x00000000e0b80000)
 ParOldGen       total 49664K, used 8094K [0x0000000080000000, 0x0000000083080000, 0x00000000d5580000)
  object space 49664K, 16% used [0x0000000080000000,0x00000000807e7bf0,0x0000000083080000)
 Metaspace       used 34476K, capacity 35394K, committed 35416K, reserved 1079296K
  class space    used 4730K, capacity 4972K, committed 4992K, reserved 1048576K
Event: 5.058 GC heap after
Heap after GC invocations=11 (full 1):
 PSYoungGen      total 174080K, used 3824K [0x00000000d5580000, 0x00000000e2180000, 0x0000000100000000)
  eden space 161792K, 0% used [0x00000000d5580000,0x00000000d5580000,0x00000000df380000)
  from space 12288K, 31% used [0x00000000dff80000,0x00000000e033c010,0x00000000e0b80000)
  to   space 12288K, 0% used [0x00000000df380000,0x00000000df380000,0x00000000dff80000)
 ParOldGen       total 49664K, used 11000K [0x0000000080000000, 0x0000000083080000, 0x00000000d5580000)
  object space 49664K, 22% used [0x0000000080000000,0x0000000080abe340,0x0000000083080000)
 Metaspace       used 34476K, capacity 35394K, committed 35416K, reserved 1079296K
  class space    used 4730K, capacity 4972K, committed 4992K, reserved 1048576K
}
Event: 5.058 GC heap before
{Heap before GC invocations=12 (full 2):
 PSYoungGen      total 174080K, used 3824K [0x00000000d5580000, 0x00000000e2180000, 0x0000000100000000)
  eden space 161792K, 0% used [0x00000000d5580000,0x00000000d5580000,0x00000000df380000)
  from space 12288K, 31% used [0x00000000dff80000,0x00000000e033c010,0x00000000e0b80000)
  to   space 12288K, 0% used [0x00000000df380000,0x00000000df380000,0x00000000dff80000)
 ParOldGen       total 49664K, used 11000K [0x0000000080000000, 0x0000000083080000, 0x00000000d5580000)
  object space 49664K, 22% used [0x0000000080000000,0x0000000080abe340,0x0000000083080000)
 Metaspace       used 34476K, capacity 35394K, committed 35416K, reserved 1079296K
  class space    used 4730K, capacity 4972K, committed 4992K, reserved 1048576K
Event: 5.120 GC heap after
Heap after GC invocations=12 (full 2):
 PSYoungGen      total 174080K, used 0K [0x00000000d5580000, 0x00000000e2180000, 0x0000000100000000)
  eden space 161792K, 0% used [0x00000000d5580000,0x00000000d5580000,0x00000000df380000)
  from space 12288K, 0% used [0x00000000dff80000,0x00000000dff80000,0x00000000e0b80000)
  to   space 12288K, 0% used [0x00000000df380000,0x00000000df380000,0x00000000dff80000)
 ParOldGen       total 49664K, used 13782K [0x0000000080000000, 0x0000000083080000, 0x00000000d5580000)
  object space 49664K, 27% used [0x0000000080000000,0x0000000080d75a08,0x0000000083080000)
 Metaspace       used 34476K, capacity 35394K, committed 35416K, reserved 1079296K
  class space    used 4730K, capacity 4972K, committed 4992K, reserved 1048576K
}
Event: 7.344 GC heap before
{Heap before GC invocations=13 (full 2):
 PSYoungGen      total 174080K, used 161792K [0x00000000d5580000, 0x00000000e2180000, 0x0000000100000000)
  eden space 161792K, 100% used [0x00000000d5580000,0x00000000df380000,0x00000000df380000)
  from space 12288K, 0% used [0x00000000dff80000,0x00000000dff80000,0x00000000e0b80000)
  to   space 12288K, 0% used [0x00000000df380000,0x00000000df380000,0x00000000dff80000)
 ParOldGen       total 49664K, used 13782K [0x0000000080000000, 0x0000000083080000, 0x00000000d5580000)
  object space 49664K, 27% used [0x0000000080000000,0x0000000080d75a08,0x0000000083080000)
 Metaspace       used 47617K, capacity 49140K, committed 49240K, reserved 1091584K
  class space    used 6399K, capacity 6768K, committed 6784K, reserved 1048576K
Event: 7.364 GC heap after
Heap after GC invocations=13 (full 2):
 PSYoungGen      total 174080K, used 12284K [0x00000000d5580000, 0x00000000e5500000, 0x0000000100000000)
  eden space 161792K, 0% used [0x00000000d5580000,0x00000000d5580000,0x00000000df380000)
  from space 12288K, 99% used [0x00000000df380000,0x00000000dff7f050,0x00000000dff80000)
  to   space 16896K, 0% used [0x00000000e4480000,0x00000000e4480000,0x00000000e5500000)
 ParOldGen       total 49664K, used 20922K [0x0000000080000000, 0x0000000083080000, 0x00000000d5580000)
  object space 49664K, 42% used [0x0000000080000000,0x000000008146e8c8,0x0000000083080000)
 Metaspace       used 47617K, capacity 49140K, committed 49240K, reserved 1091584K
  class space    used 6399K, capacity 6768K, committed 6784K, reserved 1048576K
}

Deoptimization events (10 events):
Event: 7.514 Thread 0x000000001bba2800 Uncommon trap: reason=unstable_if action=reinterpret pc=0x00000000040c8640 method=groovy.lang.MetaClassImpl$1MOPIter.methodNameAction(Ljava/lang/Class;Lorg/codehaus/groovy/runtime/metaclass/MetaMethodIndex$Entry;)V @ 182
Event: 7.593 Thread 0x000000001bba2800 Uncommon trap: reason=unstable_if action=reinterpret pc=0x0000000003729a08 method=java.lang.ThreadLocal$ThreadLocalMap.set(Ljava/lang/ThreadLocal;Ljava/lang/Object;)V @ 119
Event: 7.631 Thread 0x000000001bba2800 Uncommon trap: reason=class_check action=maybe_recompile pc=0x0000000003c79bd0 method=java.util.WeakHashMap.eq(Ljava/lang/Object;Ljava/lang/Object;)Z @ 7
Event: 7.643 Thread 0x000000001bba2800 Uncommon trap: reason=unstable_if action=reinterpret pc=0x0000000004175fe8 method=org.codehaus.groovy.reflection.CachedMethod.compareToMethod(Ljava/lang/reflect/Method;)I @ 43
Event: 7.833 Thread 0x000000001bba2800 Uncommon trap: reason=class_check action=maybe_recompile pc=0x000000000384dcc4 method=java.util.HashMap.putVal(ILjava/lang/Object;Ljava/lang/Object;ZZ)Ljava/lang/Object; @ 203
Event: 8.201 Thread 0x000000001bba2800 Uncommon trap: reason=unstable_if action=reinterpret pc=0x00000000042c171c method=java.lang.Class$MethodArray.removeLessSpecifics()V @ 25
Event: 8.205 Thread 0x000000001bba2800 Uncommon trap: reason=unstable_if action=reinterpret pc=0x00000000042fc530 method=org.codehaus.groovy.runtime.metaclass.MetaMethodIndex.addMethodToList(Ljava/lang/Object;Lgroovy/lang/MetaMethod;)Ljava/lang/Object; @ 256
Event: 8.211 Thread 0x000000001bba2800 Uncommon trap: reason=class_check action=maybe_recompile pc=0x0000000003c79bd0 method=java.util.WeakHashMap.eq(Ljava/lang/Object;Ljava/lang/Object;)Z @ 7
Event: 8.240 Thread 0x000000001bba2800 Uncommon trap: reason=class_check action=maybe_recompile pc=0x0000000003c79bd0 method=java.util.WeakHashMap.eq(Ljava/lang/Object;Ljava/lang/Object;)Z @ 7
Event: 8.240 Thread 0x000000001bba2800 Uncommon trap: reason=class_check action=maybe_recompile pc=0x0000000003c79bd0 method=java.util.WeakHashMap.eq(Ljava/lang/Object;Ljava/lang/Object;)Z @ 7

Classes redefined (0 events):
No events

Internal exceptions (10 events):
Event: 8.258 Thread 0x000000001bba2800 Exception <a 'java/lang/ClassNotFoundException': org/gradle/api/internal/provider/AbstractReadOnlyProviderBeanInfo> (0x00000000db1e5798) thrown at [C:\src\AOSP-openjdk-git\hotspot\src\share\vm\classfile\systemDictionary.cpp, line 210]
Event: 8.258 Thread 0x000000001bba2800 Exception <a 'java/lang/ClassNotFoundException': org/gradle/api/internal/provider/AbstractMinimalProviderBeanInfo> (0x00000000db2042b0) thrown at [C:\src\AOSP-openjdk-git\hotspot\src\share\vm\classfile\systemDictionary.cpp, line 210]
Event: 8.259 Thread 0x000000001bba2800 Exception <a 'java/lang/ClassNotFoundException': org/gradle/api/internal/provider/AbstractMinimalProviderCustomizer> (0x00000000db222e00) thrown at [C:\src\AOSP-openjdk-git\hotspot\src\share\vm\classfile\systemDictionary.cpp, line 210]
Event: 8.260 Thread 0x000000001bba2800 Exception <a 'java/lang/ClassNotFoundException': org/gradle/api/internal/provider/AbstractReadOnlyProviderCustomizer> (0x00000000db25e7a8) thrown at [C:\src\AOSP-openjdk-git\hotspot\src\share\vm\classfile\systemDictionary.cpp, line 210]
Event: 8.260 Thread 0x000000001bba2800 Exception <a 'java/lang/ClassNotFoundException': org/gradle/api/internal/DefaultNamedDomainObjectCollection$AbstractNamedDomainObjectProviderCustomizer> (0x00000000db28cd80) thrown at [C:\src\AOSP-openjdk-git\hotspot\src\share\vm\classfile\systemDictionar
Event: 8.261 Thread 0x000000001bba2800 Exception <a 'java/lang/ClassNotFoundException': org/gradle/api/internal/DefaultNamedDomainObjectCollection$AbstractDomainObjectCreatingProviderCustomizer> (0x00000000db2c5270) thrown at [C:\src\AOSP-openjdk-git\hotspot\src\share\vm\classfile\systemDictio
Event: 8.262 Thread 0x000000001bba2800 Exception <a 'java/lang/ClassNotFoundException': org/gradle/api/internal/tasks/DefaultTaskContainer$TaskCreatingProviderCustomizer> (0x00000000db2f6c50) thrown at [C:\src\AOSP-openjdk-git\hotspot\src\share\vm\classfile\systemDictionary.cpp, line 210]
Event: 8.263 Thread 0x000000001bba2800 Exception <a 'java/lang/ClassNotFoundException': org/gradle/api/internal/tasks/DefaultTaskContainer$TaskCreatingProvider_DecoratedCustomizer> (0x00000000db324048) thrown at [C:\src\AOSP-openjdk-git\hotspot\src\share\vm\classfile\systemDictionary.cpp, line
Event: 8.297 Thread 0x000000001bba2800 Exception <a 'java/lang/ClassNotFoundException': com/google/android/gms/dependencies/DependencyAnalyzerBeanInfo> (0x00000000db4fa1a8) thrown at [C:\src\AOSP-openjdk-git\hotspot\src\share\vm\classfile\systemDictionary.cpp, line 210]
Event: 8.297 Thread 0x000000001bba2800 Exception <a 'java/lang/ClassNotFoundException': com/google/android/gms/dependencies/DependencyAnalyzerCustomizer> (0x00000000db517458) thrown at [C:\src\AOSP-openjdk-git\hotspot\src\share\vm\classfile\systemDictionary.cpp, line 210]

Events (10 events):
Event: 8.298 loading class org/slf4j/LoggerFactory
Event: 8.298 loading class org/slf4j/LoggerFactory done
Event: 8.300 loading class com/google/android/gms/dependencies/DependencyInspector
Event: 8.300 loading class com/google/android/gms/dependencies/DependencyInspector done
Event: 8.301 loading class org/codehaus/groovy/runtime/dgm$1181
Event: 8.301 loading class org/codehaus/groovy/runtime/dgm$1181 done
Event: 8.302 loading class org/codehaus/groovy/runtime/dgm$1179
Event: 8.302 loading class org/codehaus/groovy/runtime/dgm$1179 done
Event: 8.302 loading class groovy/runtime/metaclass/com/google/android/gms/dependencies/DependencyInspectorMetaClass
Event: 8.302 loading class groovy/runtime/metaclass/com/google/android/gms/dependencies/DependencyInspectorMetaClass done


Dynamic libraries:
0x00007ff66b710000 - 0x00007ff66b741000 	D:\android studio\jre\bin\java.exe
0x00007ff9161d0000 - 0x00007ff9163b1000 	C:\WINDOWS\SYSTEM32\ntdll.dll
0x00007ff913c70000 - 0x00007ff913d21000 	C:\WINDOWS\System32\KERNEL32.DLL
0x00007ff912f50000 - 0x00007ff9131c3000 	C:\WINDOWS\System32\KERNELBASE.dll
0x00007ff913870000 - 0x00007ff913911000 	C:\WINDOWS\System32\ADVAPI32.dll
0x00007ff914250000 - 0x00007ff9142ee000 	C:\WINDOWS\System32\msvcrt.dll
0x00007ff9141e0000 - 0x00007ff91423b000 	C:\WINDOWS\System32\sechost.dll
0x00007ff916050000 - 0x00007ff916174000 	C:\WINDOWS\System32\RPCRT4.dll
0x00007ff913920000 - 0x00007ff913ab0000 	C:\WINDOWS\System32\USER32.dll
0x00007ff912590000 - 0x00007ff9125b0000 	C:\WINDOWS\System32\win32u.dll
0x00007ff913730000 - 0x00007ff913758000 	C:\WINDOWS\System32\GDI32.dll
0x00007ff9131d0000 - 0x00007ff913361000 	C:\WINDOWS\System32\gdi32full.dll
0x00007ff912eb0000 - 0x00007ff912f4f000 	C:\WINDOWS\System32\msvcp_win.dll
0x00007ff913420000 - 0x00007ff913518000 	C:\WINDOWS\System32\ucrtbase.dll
0x00007ff907e00000 - 0x00007ff908069000 	C:\WINDOWS\WinSxS\amd64_microsoft.windows.common-controls_6595b64144ccf1df_6.0.17134.1006_none_d3fbb8f77c940c3f\COMCTL32.dll
0x00007ff915d20000 - 0x00007ff916041000 	C:\WINDOWS\System32\combase.dll
0x00007ff913570000 - 0x00007ff9135e9000 	C:\WINDOWS\System32\bcryptPrimitives.dll
0x00007ff9142f0000 - 0x00007ff91431d000 	C:\WINDOWS\System32\IMM32.DLL
0x0000000053a60000 - 0x0000000053b32000 	D:\android studio\jre\jre\bin\msvcr100.dll
0x0000000053c20000 - 0x000000005446b000 	D:\android studio\jre\jre\bin\server\jvm.dll
0x00007ff913c50000 - 0x00007ff913c58000 	C:\WINDOWS\System32\PSAPI.DLL
0x00007ff90ba40000 - 0x00007ff90ba49000 	C:\WINDOWS\SYSTEM32\WSOCK32.dll
0x00007ff9110a0000 - 0x00007ff9110aa000 	C:\WINDOWS\SYSTEM32\VERSION.dll
0x00007ff90f170000 - 0x00007ff90f193000 	C:\WINDOWS\SYSTEM32\WINMM.dll
0x00007ff914170000 - 0x00007ff9141dc000 	C:\WINDOWS\System32\WS2_32.dll
0x00007ff90f140000 - 0x00007ff90f16a000 	C:\WINDOWS\SYSTEM32\WINMMBASE.dll
0x00007ff913520000 - 0x00007ff913569000 	C:\WINDOWS\System32\cfgmgr32.dll
0x00007ff907960000 - 0x00007ff90796f000 	D:\android studio\jre\jre\bin\verify.dll
0x00007ff8df260000 - 0x00007ff8df289000 	D:\android studio\jre\jre\bin\java.dll
0x00007ff8e44a0000 - 0x00007ff8e44b6000 	D:\android studio\jre\jre\bin\zip.dll
0x00007ff914320000 - 0x00007ff915762000 	C:\WINDOWS\System32\SHELL32.dll
0x00007ff9137c0000 - 0x00007ff913869000 	C:\WINDOWS\System32\shcore.dll
0x00007ff9127a0000 - 0x00007ff912eae000 	C:\WINDOWS\System32\windows.storage.dll
0x00007ff913f50000 - 0x00007ff913fa1000 	C:\WINDOWS\System32\shlwapi.dll
0x00007ff912550000 - 0x00007ff912561000 	C:\WINDOWS\System32\kernel.appcore.dll
0x00007ff9124e0000 - 0x00007ff9124ff000 	C:\WINDOWS\System32\profapi.dll
0x00007ff912500000 - 0x00007ff91254c000 	C:\WINDOWS\System32\powrprof.dll
0x00007ff9124d0000 - 0x00007ff9124da000 	C:\WINDOWS\System32\FLTLIB.DLL
0x00007ff8e3670000 - 0x00007ff8e368a000 	D:\android studio\jre\jre\bin\net.dll
0x00007ff911d30000 - 0x00007ff911d96000 	C:\WINDOWS\system32\mswsock.dll
0x00007ff8e0cc0000 - 0x00007ff8e0cd3000 	D:\android studio\jre\jre\bin\nio.dll
0x00007ff8f6340000 - 0x00007ff8f6366000 	C:\Users\Jin\.gradle\native\31\windows-amd64\native-platform.dll
0x00007ff907390000 - 0x00007ff90739d000 	D:\android studio\jre\jre\bin\management.dll
0x00007ff911ee0000 - 0x00007ff911ef7000 	C:\WINDOWS\SYSTEM32\CRYPTSP.dll
0x00007ff9118e0000 - 0x00007ff911913000 	C:\WINDOWS\system32\rsaenh.dll
0x00007ff912010000 - 0x00007ff912035000 	C:\WINDOWS\SYSTEM32\bcrypt.dll
0x00007ff9123d0000 - 0x00007ff9123f8000 	C:\WINDOWS\SYSTEM32\USERENV.dll
0x00007ff911f00000 - 0x00007ff911f0b000 	C:\WINDOWS\SYSTEM32\CRYPTBASE.dll
0x00007ff911a80000 - 0x00007ff911ab8000 	C:\WINDOWS\SYSTEM32\IPHLPAPI.DLL
0x00007ff913c60000 - 0x00007ff913c68000 	C:\WINDOWS\System32\NSI.dll
0x00007ff90c560000 - 0x00007ff90c576000 	C:\WINDOWS\SYSTEM32\dhcpcsvc6.DLL
0x00007ff90c640000 - 0x00007ff90c65a000 	C:\WINDOWS\SYSTEM32\dhcpcsvc.DLL

VM Arguments:
jvm_args: -Dfile.encoding=UTF-8 -Xmx2048m -Dfile.encoding=UTF-8 -Duser.country=CN -Duser.language=zh -Duser.variant 
java_command: org.gradle.launcher.daemon.bootstrap.GradleDaemon 6.1.1
java_class_path (initial): C:\Users\Jin\.gradle\wrapper\dists\gradle-6.1.1-all\cfmwm155h49vnt3hynmlrsdst\gradle-6.1.1\lib\gradle-launcher-6.1.1.jar
Launcher Type: SUN_STANDARD

Environment Variables:
JAVA_HOME=C:\Program Files\Java\jdk1.8.0_181
JAVA_TOOL_OPTIONS=-Dfile.encoding=UTF-8
CLASSPATH=.;c:\program files\java\jdk1.8.0_181\bin\lib;c:\junit4.12;c:\junit4.12\junit-4.12.jar;c:\JUNIT4.12\hamcrest-core-1.3.jar;
PATH=C:\Program Files\MySQL\MySQL Server 8.0\bin;C:\Program Files (x86)\Intel\iCLS Client\;C:\Program Files\Intel\iCLS Client\;C:\Windows\system32;C:\Windows;C:\Windows\System32\Wbem;C:\Windows\System32\WindowsPowerShell\v1.0\;C:\Program Files (x86)\NVIDIA Corporation\PhysX\Common;C:\WINDOWS\system32;C:\WINDOWS;C:\WINDOWS\System32\Wbem;C:\WINDOWS\System32\WindowsPowerShell\v1.0\;C:\Program Files (x86)\Intel\Intel(R) Management Engine Components\DAL;C:\Program Files\Intel\Intel(R) Management Engine Components\DAL;C:\Program Files (x86)\Intel\Intel(R) Management Engine Components\IPT;C:\Program Files\Intel\Intel(R) Management Engine Components\IPT;C:\WINDOWS\System32\OpenSSH\;";C:\Program Files\Java\jdk1.8.0_181\bin;C:\Program Files\Java\jdk1.8.0_181\jre\bin";C:\Program Files\Java\jdk1.8.0_181\bin;C:\Program Files\Java\antjunit\apache-ant-1.10.5\bin;C:\JUNIT4.12\junit-4.12.jar;C:\Program Files\Git\cmd;C:\Users\Jin\AppData\Local\Android\Sdk\platform-tools;C:\Users\Jin\AppData\Local\Microsoft\WindowsApps;C:\Users\Jin\AppData\Roaming\Dashlane\6.1839.0.13410\bin\Firefox_Extension\{442718d9-475e-452a-b3e1-fb1ee16b8e9f}\components;C:\Users\Jin\AppData\Roaming\Dashlane\6.1839.0.13410\ucrt;C:\Users\Jin\AppData\Roaming\Dashlane\6.1839.0.13410\bin\Qt;C:\Users\Jin\AppData\Roaming\Dashlane\6.1839.0.13410\ucrt;C:\Users\Jin\AppData\Roaming\Dashlane\6.1839.0.13410\bin\Ssl;D:\visual studio code\Microsoft VS Code\bin;C:\Users\Jin\AppData\Local\GitHubDesktop\bin
USERNAME=Bran.Kim
OS=Windows_NT
PROCESSOR_IDENTIFIER=Intel64 Family 6 Model 158 Stepping 9, GenuineIntel



---------------  S Y S T E M  ---------------

OS: Windows 10.0 , 64 bit Build 17134 (10.0.17134.753)

CPU:total 4 (initial active 4) (4 cores per cpu, 1 threads per core) family 6 model 158 stepping 9, cmov, cx8, fxsr, mmx, sse, sse2, sse3, ssse3, sse4.1, sse4.2, popcnt, avx, avx2, aes, clmul, erms, 3dnowpref, lzcnt, tsc, tscinvbit, bmi1, bmi2, adx

Memory: 4k page, physical 8088216k(974660k free), swap 15689620k(6100k free)

vm_info: OpenJDK 64-Bit Server VM (25.242-b01) for windows-amd64 JRE (1.8.0_242-release-1644-b01), built by "builder" with MS VC++ 10.0 (VS2010)

time: Fri Sep 25 14:04:50 2020
timezone: GMT œƒ¡Ó ±
elapsed time: 8 seconds (0d 0h 0m 8s)

